1: 0 796, 
2: 1 1360, 
0: 2 999, 
1: 3 272, 0 796, 
4: 4 1344, 
3: 5 590, 
4: 6 491, 4 1344, 
2: 7 167, 1 1360, 
4: 6 491, 8 913, 4 1344, 
2: 7 167, 9 434, 1 1360, 
2 999
1: 3 272, 0 796, 10 818, 
8184
2: 7 167, 9 434, 11 514, 1 1360, 
4 1344
1886
7 167
3: 12 542, 5 590, 
1: 3 272, 0 796, 10 818, 13 1414, 
0: 14 530, 2 999, 
3: 12 542, 5 590, 15 973, 
1529
6 491
0: 14 530, 2 999, 
1: 3 272, 0 796, 10 818, 13 1414, 
3: 12 542, 5 590, 15 973, 
4: 6 491, 8 913, 4 1344, 
4: 16 226, 6 491, 8 913, 4 1344, 
14 530
0: 14 530, 
2: 17 478, 
8857
478
1: 3 272, 0 796, 10 818, 13 1414, 
2: 17 478, 
3: 12 542, 5 590, 15 973, 
1: 3 272, 0 796, 10 818, 13 1414, 
3: 12 542, 5 590, 15 973, 
3300
3: 12 542, 5 590, 15 973, 
15 973
3: 12 542, 5 590, 15 973, 
2105
4: 18 938, 
18 938
3043
3043
3: 12 542, 5 590, 15 973, 
2: 19 1384, 
2: 20 466, 19 1384, 
3: 12 542, 5 590, 15 973, 
2: 21 978, 
4: 22 30, 
0: 23 806, 
4: 22 30, 24 676, 
3: 12 542, 5 590, 15 973, 25 1362, 
25 1362
706
12 542
2: 26 134, 21 978, 
2: 26 134, 21 978, 27 1084, 
0: 28 182, 23 806, 
7357
4: 22 30, 24 676, 29 853, 
8210
8210
3: 12 542, 5 590, 30 898, 15 973, 25 1362, 
3: 12 542, 5 590, 30 898, 15 973, 31 1278, 25 1362, 
0: 28 182, 23 806, 32 974, 
0: 28 182, 33 605, 23 806, 32 974, 
27 1084
3: 12 542, 5 590, 30 898, 15 973, 34 1082, 31 1278, 25 1362, 
4: 35 19, 22 30, 24 676, 29 853, 
3: 12 542, 5 590, 15 973, 34 1082, 31 1278, 25 1362, 
0: 28 182, 36 572, 33 605, 23 806, 32 974, 
2: 26 134, 21 978, 27 1084, 
3: 12 542, 5 590, 15 973, 34 1082, 31 1278, 25 1362, 
4: 35 19, 22 30, 24 676, 29 853, 
4: 35 19, 22 30, 37 68, 24 676, 29 853, 
9669
2: 26 134, 21 978, 27 1084, 
4: 35 19, 22 30, 37 68, 24 676, 29 853, 
2: 26 134, 21 978, 27 1084, 
4: 35 19, 22 30, 37 68, 24 676, 29 853, 
3842
4: 35 19, 22 30, 37 68, 38 568, 24 676, 29 853, 
4: 35 19, 22 30, 37 68, 24 676, 29 853, 
0: 39 703, 
1: 40 877, 
5422
5422
3: 41 671, 
877
1: 40 877, 
2: 26 134, 21 978, 27 1084, 
4: 35 19, 22 30, 37 68, 24 676, 29 853, 
40 877
4719
4: 35 19, 22 30, 37 68, 42 225, 24 676, 29 853, 
35 19
1871
3: 43 426, 
2196
43 426
0: 44 244, 
5614
44 244
4: 35 19, 22 30, 37 68, 42 225, 24 676, 45 769, 29 853, 
4: 35 19, 22 30, 37 68, 42 225, 24 676, 29 853, 
0: 44 244, 
1: 40 877, 
2: 26 134, 21 978, 27 1084, 
3: 43 426, 
1: 40 877, 
2: 26 134, 21 978, 27 1084, 
3: 43 426, 
4: 46 301, 
1: 40 877, 
2: 26 134, 21 978, 27 1084, 
3: 43 426, 
Fim
