1: 0 796, 
2: 1 1360, 
0: 2 999, 
1: 3 272, 0 796, 
4: 4 1344, 
3: 5 590, 
4: 6 491, 4 1344, 
2: 7 167, 1 1360, 
4: 6 491, 8 913, 4 1344, 
2: 7 167, 9 434, 1 1360, 
5 590
5 590
3 272
4: 6 491, 8 913, 4 1344, 10 1476, 
4: 6 491, 11 745, 8 913, 4 1344, 10 1476, 
1068
4969
0: 12 162, 2 999, 
2 999
9749
2: 7 167, 9 434, 1 1360, 13 1427, 
3: 14 410, 5 590, 
14 410
1000
2: 7 167, 9 434, 15 1283, 1 1360, 13 1427, 
1: 0 796, 
7 167
796
12597
1: 0 796, 16 1090, 
1000
4: 11 745, 8 913, 4 1344, 10 1476, 
3: 5 590, 
2: 7 167, 9 434, 15 1283, 17 1286, 1 1360, 13 1427, 
4478
1: 16 1090, 
5 590
13276
1161
2: 7 167, 9 434, 15 1283, 17 1286, 1 1360, 
11849
2: 7 167, 9 434, 18 771, 15 1283, 17 1286, 1 1360, 
12030
12030
12030
5301
1 1360
0: 12 162, 2 999, 19 1070, 
12 162
0: 12 162, 20 216, 2 999, 19 1070, 
3: 21 1491, 
7 167
0: 12 162, 20 216, 2 999, 
1491
0: 12 162, 2 999, 
4: 22 587, 11 745, 8 913, 4 1344, 10 1476, 
1: 16 1090, 23 1092, 
15200
1: 16 1090, 23 1092, 24 1236, 
1: 25 739, 16 1090, 23 1092, 24 1236, 
0: 2 999, 
1: 25 739, 16 1090, 23 1092, 24 1236, 
2: 7 167, 9 434, 18 771, 15 1283, 17 1286, 1 1360, 
3: 21 1491, 
4: 22 587, 11 745, 8 913, 4 1344, 10 1476, 
24 1236
1: 26 399, 25 739, 16 1090, 23 1092, 24 1236, 
21 1491
1: 26 399, 27 502, 25 739, 16 1090, 23 1092, 24 1236, 
22 587
3: 28 859, 21 1491, 
17774
2: 7 167, 9 434, 18 771, 15 1283, 17 1286, 1 1360, 
3: 28 859, 21 1491, 
4: 22 587, 11 745, 8 913, 4 1344, 10 1476, 
12716
1: 29 418, 
10 1476
3: 30 265, 28 859, 21 1491, 
1: 29 418, 
2: 7 167, 9 434, 18 771, 15 1283, 17 1286, 1 1360, 
4: 22 587, 11 745, 8 913, 4 1344, 10 1476, 
3: 31 182, 
31 182
2: 7 167, 32 397, 9 434, 18 771, 15 1283, 17 1286, 1 1360, 
4: 11 745, 8 913, 4 1344, 10 1476, 
0: 33 1147, 
3: 31 182, 34 258, 
12181
0: 35 109, 33 1147, 
2: 7 167, 9 434, 18 771, 15 1283, 17 1286, 1 1360, 
1256
33 1147
11893
11893
1: 29 418, 
2: 7 167, 9 434, 18 771, 15 1283, 17 1286, 1 1360, 
3: 31 182, 34 258, 
4: 11 745, 8 913, 4 1344, 10 1476, 
0: 36 1353, 
7 167
4: 37 231, 11 745, 8 913, 4 1344, 10 1476, 
10868
2: 7 167, 9 434, 18 771, 38 929, 15 1283, 17 1286, 1 1360, 
2: 7 167, 9 434, 18 771, 15 1283, 17 1286, 1 1360, 
2: 7 167, 9 434, 18 771, 15 1283, 17 1286, 1 1360, 
10868
1 1360
10868
0: 39 1167, 
0: 39 1167, 40 1321, 
3: 31 182, 34 258, 41 1058, 
0: 39 1167, 40 1321, 
1: 29 418, 
2: 7 167, 9 434, 18 771, 15 1283, 17 1286, 1 1360, 
4: 37 231, 11 745, 8 913, 4 1344, 10 1476, 
0: 39 1167, 42 1302, 40 1321, 
1: 29 418, 
2: 7 167, 9 434, 18 771, 15 1283, 17 1286, 1 1360, 
4: 37 231, 11 745, 8 913, 4 1344, 10 1476, 
3: 43 71, 
0: 44 89, 
0: 44 89, 45 852, 
0: 44 89, 
3: 43 71, 46 1023, 
46 1023
44 89
3: 43 71, 46 1023, 47 1168, 
2262
1: 29 418, 48 895, 
0: 44 89, 
1: 29 418, 48 895, 
2: 7 167, 9 434, 18 771, 15 1283, 17 1286, 1 1360, 
4: 37 231, 11 745, 8 913, 4 1344, 10 1476, 
3: 49 1344, 
0: 44 89, 
2: 7 167, 9 434, 18 771, 15 1283, 17 1286, 1 1360, 
3: 49 1344, 
4: 37 231, 11 745, 8 913, 4 1344, 10 1476, 
0: 44 89, 
2: 7 167, 9 434, 18 771, 15 1283, 17 1286, 1 1360, 
4: 37 231, 11 745, 8 913, 4 1344, 10 1476, 
4: 37 231, 11 745, 8 913, 4 1344, 10 1476, 
0: 44 89, 
4: 37 231, 11 745, 8 913, 4 1344, 10 1476, 
3: 50 805, 
50 805
50 805
805
0: 44 89, 
4: 37 231, 11 745, 8 913, 4 1344, 10 1476, 
1: 51 61, 
4859
0: 44 89, 
0: 44 89, 52 266, 
4: 37 231, 11 745, 53 851, 8 913, 4 1344, 10 1476, 
0: 44 89, 52 266, 54 1262, 
0: 44 89, 52 266, 55 318, 54 1262, 
0: 44 89, 52 266, 55 318, 56 802, 54 1262, 
44 89
4: 37 231, 57 314, 11 745, 53 851, 8 913, 4 1344, 10 1476, 
37 231
0: 44 89, 52 266, 55 318, 56 802, 54 1262, 
2: 58 149, 
0: 44 89, 52 266, 55 318, 56 802, 54 1262, 
2: 59 420, 
420
2: 59 420, 
2: 60 132, 
1: 61 1139, 
1139
1139
1139
1: 62 270, 61 1139, 
62 270
1: 62 270, 63 423, 61 1139, 
1832
1: 62 270, 61 1139, 
0: 64 516, 
64 516
1: 62 270, 61 1139, 
4: 65 814, 
814
1: 62 270, 61 1139, 
3: 66 1001, 
66 1001
3: 66 1001, 67 1425, 
67 1425
1: 62 270, 68 552, 61 1139, 
2: 69 7, 
3: 70 380, 66 1001, 67 1425, 
4774
1961
69 7
1: 62 270, 71 356, 68 552, 61 1139, 
1: 72 68, 62 270, 71 356, 68 552, 61 1139, 
1: 72 68, 62 270, 71 356, 68 552, 61 1139, 73 1322, 
70 380
2: 69 7, 74 851, 
73 1322
2: 69 7, 74 851, 75 1221, 
8592
2: 69 7, 76 239, 74 851, 75 1221, 
0: 77 33, 
1: 72 68, 62 270, 71 356, 61 1139, 73 1322, 
1: 72 68, 62 270, 71 356, 61 1139, 
6990
6990
72 68
1: 72 68, 62 270, 71 356, 61 1139, 78 1297, 
3: 79 162, 70 380, 66 1001, 67 1425, 
2: 69 7, 76 239, 80 299, 74 851, 75 1221, 
67 1425
78 1297
4: 81 1106, 
2968
1: 72 68, 62 270, 71 356, 82 736, 61 1139, 78 1297, 
33
1: 72 68, 62 270, 71 356, 83 543, 82 736, 61 1139, 78 1297, 
1: 72 68, 62 270, 71 356, 83 543, 82 736, 84 806, 61 1139, 78 1297, 
3: 79 162, 70 380, 85 429, 66 1001, 67 1425, 
0: 77 33, 
1: 72 68, 62 270, 71 356, 83 543, 82 736, 84 806, 61 1139, 78 1297, 
3: 79 162, 70 380, 85 429, 66 1001, 67 1425, 
4: 81 1106, 
1106
3: 79 162, 70 380, 85 429, 86 652, 66 1001, 67 1425, 
2: 87 1217, 
1: 72 68, 62 270, 71 356, 83 543, 82 736, 84 806, 61 1139, 78 1297, 
2: 87 1217, 
4: 81 1106, 
0: 88 1415, 
8953
0: 89 1374, 88 1415, 
2: 87 1217, 90 1456, 
1: 72 68, 62 270, 71 356, 83 543, 82 736, 84 806, 61 1139, 78 1297, 
2: 87 1217, 90 1456, 
4: 81 1106, 
1: 72 68, 62 270, 71 356, 83 543, 82 736, 84 806, 61 1139, 78 1297, 
4: 81 1106, 
4: 81 1106, 
2: 91 611, 87 1217, 90 1456, 
9605
91 611
2: 87 1217, 90 1456, 
4: 92 455, 81 1106, 
92 455
9449
9449
3: 93 521, 
9970
1: 72 68, 94 117, 62 270, 71 356, 83 543, 82 736, 84 806, 61 1139, 78 1297, 
2: 87 1217, 90 1456, 
3: 93 521, 
4: 92 455, 81 1106, 
3: 95 420, 93 521, 
4: 92 455, 96 1010, 81 1106, 
4: 97 8, 92 455, 96 1010, 81 1106, 
3: 93 521, 
81 1106
1: 98 1431, 
2: 99 987, 87 1217, 90 1456, 
2: 100 340, 99 987, 87 1217, 90 1456, 
4: 97 8, 92 455, 81 1106, 
7521
2: 100 340, 87 1217, 90 1456, 
2: 100 340, 101 586, 87 1217, 90 1456, 
100 340
4: 92 455, 81 1106, 
1: 102 805, 98 1431, 
0: 103 1491, 
3: 93 521, 104 1076, 
2236
2: 101 586, 87 1217, 90 1456, 
90 1456
2: 101 586, 105 746, 87 1217, 90 1456, 
1: 102 805, 
4005
0: 106 1360, 103 1491, 
1597
0: 106 1360, 103 1491, 
2: 101 586, 105 746, 87 1217, 90 1456, 
4: 92 455, 81 1106, 
1: 107 638, 
0: 108 410, 106 1360, 103 1491, 
0: 108 410, 106 1360, 103 1491, 
2: 101 586, 105 746, 87 1217, 90 1456, 
4: 92 455, 81 1106, 
0: 109 58, 108 410, 106 1360, 103 1491, 
8885
0: 109 58, 108 410, 110 416, 106 1360, 103 1491, 
2: 101 586, 105 746, 87 1217, 90 1456, 
109 58
3735
0: 109 58, 108 410, 110 416, 111 564, 106 1360, 103 1491, 
0: 109 58, 108 410, 110 416, 111 564, 112 833, 106 1360, 103 1491, 
0: 109 58, 108 410, 111 564, 112 833, 106 1360, 103 1491, 
10282
0: 109 58, 108 410, 111 564, 112 833, 113 1014, 106 1360, 103 1491, 
0: 109 58, 108 410, 111 564, 114 678, 112 833, 113 1014, 106 1360, 103 1491, 
11974
2: 101 586, 105 746, 87 1217, 90 1456, 
4: 92 455, 81 1106, 
2: 115 271, 101 586, 105 746, 87 1217, 90 1456, 
3: 116 763, 
4: 117 66, 92 455, 81 1106, 
1: 118 511, 
4276
1: 118 511, 
2: 115 271, 101 586, 105 746, 87 1217, 90 1456, 
4: 117 66, 92 455, 81 1106, 
117 66
1: 119 19, 118 511, 
6433
81 1106
1: 119 19, 120 455, 118 511, 
985
1: 119 19, 120 455, 
2: 115 271, 101 586, 105 746, 87 1217, 90 1456, 
4: 117 66, 92 455, 81 1106, 
5903
5903
3: 121 1222, 
7125
4: 117 66, 92 455, 122 514, 81 1106, 
1: 123 72, 
3: 124 525, 121 1222, 
1: 123 72, 
2: 115 271, 101 586, 105 746, 87 1217, 90 1456, 
4: 117 66, 92 455, 122 514, 81 1106, 
Fim
