1: 0 796, 
2: 1 1360, 
0: 2 999, 
1: 3 272, 0 796, 
4: 4 1344, 
3: 5 590, 
4: 6 491, 4 1344, 
2: 7 167, 1 1360, 
4: 6 491, 8 913, 4 1344, 
2: 7 167, 9 434, 1 1360, 
2 999
7366
0: 2 999, 
2: 7 167, 9 434, 1 1360, 
3: 5 590, 
4: 6 491, 8 913, 4 1344, 
2: 7 167, 9 434, 1 1360, 
0: 2 999, 
3: 5 590, 
4: 6 491, 8 913, 4 1344, 
4337
2: 10 957, 
3: 11 1281, 
4: 6 491, 8 913, 4 1344, 12 1373, 
6 491
1: 13 1278, 
957
8636
7679
0: 2 999, 
3: 11 1281, 
4: 6 491, 8 913, 4 1344, 12 1373, 
11 1281
3: 14 355, 11 1281, 
11 1281
4: 6 491, 8 913, 4 1344, 12 1373, 15 1379, 
15 1379
4: 6 491, 8 913, 4 1344, 12 1373, 
0: 2 999, 
4: 6 491, 8 913, 4 1344, 12 1373, 
2 999
5120
0: 16 388, 2 999, 
4: 6 491, 8 913, 4 1344, 12 1373, 
2: 17 1158, 
4: 6 491, 8 913, 4 1344, 12 1373, 
4: 6 491, 8 913, 4 1344, 12 1373, 18 1492, 
0: 19 108, 
4: 6 491, 8 913, 4 1344, 12 1373, 
19 108
108
3: 20 897, 
0: 19 108, 
4: 6 491, 8 913, 4 1344, 12 1373, 
2: 21 774, 
4: 6 491, 22 503, 8 913, 4 1344, 12 1373, 
6 491
0: 19 108, 
4: 6 491, 22 503, 8 913, 4 1344, 12 1373, 
4: 23 316, 6 491, 22 503, 8 913, 4 1344, 12 1373, 
4: 23 316, 6 491, 22 503, 24 616, 8 913, 4 1344, 12 1373, 
5556
1: 25 707, 
0: 19 108, 
1: 25 707, 
25 707
25 707
0: 19 108, 26 1001, 
0: 19 108, 
2: 27 1189, 
4: 28 10, 
27 1189
1: 29 68, 25 707, 
1: 25 707, 
707
0: 19 108, 
4: 30 514, 
1: 25 707, 31 1483, 
1: 25 707, 32 985, 31 1483, 
3: 33 964, 
514
2: 34 180, 27 1189, 
3: 35 644, 33 964, 
6774
2: 34 180, 36 914, 27 1189, 
2: 37 46, 34 180, 36 914, 27 1189, 
3: 35 644, 33 964, 38 1073, 
3: 35 644, 33 964, 38 1073, 39 1314, 
3: 40 601, 35 644, 33 964, 38 1073, 39 1314, 
0: 19 108, 
1: 25 707, 32 985, 31 1483, 
2: 37 46, 34 180, 36 914, 27 1189, 
0: 19 108, 41 459, 
1: 25 707, 32 985, 31 1483, 
2: 37 46, 34 180, 36 914, 27 1189, 
4: 42 1238, 
42 1238
0: 43 115, 
2: 37 46, 34 180, 36 914, 44 936, 27 1189, 
0: 43 115, 
1: 25 707, 32 985, 31 1483, 
2: 37 46, 34 180, 36 914, 44 936, 27 1189, 
37 46
4: 45 279, 
4: 45 279, 46 693, 
0: 43 115, 
1: 25 707, 32 985, 31 1483, 
4: 45 279, 46 693, 
3: 47 1053, 
0: 43 115, 48 1293, 
4: 49 258, 45 279, 46 693, 
1053
2: 50 1215, 
1408
2: 50 1215, 51 1448, 
3: 52 868, 47 1053, 
52 868
51 1448
4: 49 258, 46 693, 
2: 51 1448, 
8903
1921
43 115
0: 43 115, 53 1015, 48 1293, 
3: 54 679, 52 868, 47 1053, 
0: 43 115, 53 1015, 48 1293, 
1: 25 707, 32 985, 31 1483, 
2: 51 1448, 
4: 49 258, 46 693, 
3: 55 559, 
51 1448
55 559
43 115
1448
559
8556
2: 56 1430, 51 1448, 
56 1430
0: 43 115, 57 982, 53 1015, 48 1293, 
0: 43 115, 57 982, 48 1293, 
48 1293
0: 43 115, 58 283, 57 982, 48 1293, 
0: 43 115, 59 129, 58 283, 57 982, 48 1293, 
1: 25 707, 32 985, 31 1483, 
2: 56 1430, 51 1448, 
4: 49 258, 46 693, 
1: 60 108, 25 707, 32 985, 31 1483, 
3283
2: 56 1430, 51 1448, 
4: 49 258, 46 693, 
1: 61 884, 
61 884
4: 49 258, 46 693, 62 870, 
3: 63 401, 
4: 49 258, 46 693, 62 870, 64 1110, 
1: 65 578, 61 884, 
49 258
1: 65 578, 61 884, 66 1463, 
2: 67 584, 56 1430, 51 1448, 
2: 67 584, 68 1235, 56 1430, 51 1448, 
67 584
10954
0: 69 640, 
2: 70 340, 67 584, 68 1235, 56 1430, 51 1448, 
11934
63 401
0: 69 640, 
1: 65 578, 61 884, 66 1463, 
2: 70 340, 67 584, 68 1235, 56 1430, 51 1448, 
4: 49 258, 46 693, 62 870, 64 1110, 
3: 71 971, 
971
51 1448
5037
1: 65 578, 61 884, 66 1463, 72 1482, 
1: 65 578, 61 884, 73 934, 66 1463, 72 1482, 
0: 74 82, 69 640, 
1: 65 578, 61 884, 73 934, 75 1455, 66 1463, 72 1482, 
0: 74 82, 76 359, 69 640, 
1: 65 578, 61 884, 75 1455, 66 1463, 72 1482, 
1: 77 20, 65 578, 61 884, 75 1455, 66 1463, 72 1482, 
1: 77 20, 78 323, 65 578, 61 884, 75 1455, 66 1463, 72 1482, 
0: 74 82, 79 99, 76 359, 69 640, 
3: 71 971, 
2: 70 340, 67 584, 56 1430, 51 1448, 
0: 74 82, 79 99, 76 359, 69 640, 80 703, 
1: 77 20, 78 323, 65 578, 61 884, 81 1397, 75 1455, 66 1463, 72 1482, 
1: 77 20, 78 323, 65 578, 61 884, 81 1397, 75 1455, 66 1463, 72 1482, 
2: 70 340, 67 584, 56 1430, 51 1448, 
3: 71 971, 
4: 49 258, 46 693, 62 870, 64 1110, 
72 1482
2: 70 340, 67 584, 82 1045, 56 1430, 51 1448, 
16351
7602
2: 70 340, 67 584, 82 1045, 83 1152, 56 1430, 51 1448, 
2: 70 340, 67 584, 82 1045, 83 1152, 84 1312, 56 1430, 51 1448, 
1: 77 20, 78 323, 65 578, 61 884, 85 1012, 81 1397, 75 1455, 66 1463, 72 1482, 
1: 77 20, 78 323, 65 578, 61 884, 85 1012, 81 1397, 75 1455, 66 1463, 72 1482, 
2: 70 340, 67 584, 82 1045, 83 1152, 84 1312, 56 1430, 51 1448, 
4: 49 258, 46 693, 62 870, 64 1110, 
2: 70 340, 67 584, 83 1152, 84 1312, 56 1430, 51 1448, 
0: 86 1019, 
2: 70 340, 67 584, 87 868, 83 1152, 84 1312, 56 1430, 51 1448, 
86 1019
19698
0: 86 1019, 88 1414, 
77 20
0: 88 1414, 
3: 89 84, 
3: 89 84, 90 1480, 
0: 91 1144, 
21387
0: 91 1144, 92 1250, 
0: 93 933, 91 1144, 92 1250, 
0: 93 933, 92 1250, 
2: 94 197, 70 340, 67 584, 87 868, 83 1152, 84 1312, 56 1430, 51 1448, 
93 933
1: 77 20, 78 323, 65 578, 61 884, 85 1012, 81 1397, 75 1455, 66 1463, 72 1482, 
2: 94 197, 70 340, 67 584, 87 868, 83 1152, 84 1312, 56 1430, 51 1448, 
3: 89 84, 90 1480, 
4: 49 258, 46 693, 62 870, 64 1110, 
3: 90 1480, 
90 1480
90 1480
1: 77 20, 78 323, 65 578, 61 884, 85 1012, 81 1397, 75 1455, 66 1463, 72 1482, 
2: 94 197, 70 340, 67 584, 87 868, 83 1152, 84 1312, 56 1430, 51 1448, 
4: 49 258, 46 693, 62 870, 64 1110, 
7331
77 20
3: 95 719, 
4: 49 258, 46 693, 62 870, 96 944, 64 1110, 
1: 77 20, 78 323, 65 578, 61 884, 85 1012, 97 1216, 81 1397, 75 1455, 66 1463, 72 1482, 
95 719
3875
64 1110
21036
0: 98 513, 
4: 49 258, 99 467, 46 693, 62 870, 96 944, 64 1110, 
1: 77 20, 78 323, 65 578, 61 884, 85 1012, 97 1216, 81 1397, 75 1455, 66 1463, 100 1468, 72 1482, 
4: 101 190, 49 258, 99 467, 46 693, 62 870, 96 944, 64 1110, 
4: 101 190, 49 258, 99 467, 46 693, 62 870, 64 1110, 
0: 102 446, 98 513, 
1: 77 20, 78 323, 65 578, 61 884, 85 1012, 97 1216, 81 1397, 75 1455, 66 1463, 100 1468, 72 1482, 
2: 94 197, 70 340, 67 584, 87 868, 83 1152, 84 1312, 56 1430, 51 1448, 
4: 101 190, 49 258, 99 467, 46 693, 62 870, 64 1110, 
101 190
2: 94 197, 70 340, 67 584, 87 868, 103 897, 83 1152, 84 1312, 56 1430, 51 1448, 
2: 94 197, 70 340, 67 584, 87 868, 83 1152, 84 1312, 56 1430, 51 1448, 
22217
1: 77 20, 78 323, 65 578, 61 884, 85 1012, 97 1216, 81 1397, 104 1427, 75 1455, 66 1463, 100 1468, 72 1482, 
2: 94 197, 70 340, 67 584, 87 868, 83 1152, 84 1312, 56 1430, 51 1448, 
4: 101 190, 49 258, 99 467, 46 693, 62 870, 64 1110, 
0: 105 222, 
11141
3: 106 1478, 
2: 94 197, 70 340, 67 584, 87 868, 107 1026, 83 1152, 84 1312, 56 1430, 51 1448, 
1: 108 518, 
1: 109 355, 108 518, 
3: 110 149, 106 1478, 
14445
3: 110 149, 111 1309, 106 1478, 
2: 94 197, 70 340, 67 584, 87 868, 107 1026, 83 1152, 112 1221, 84 1312, 56 1430, 51 1448, 
1: 109 355, 108 518, 
3: 110 149, 111 1309, 106 1478, 
4: 101 190, 49 258, 99 467, 46 693, 62 870, 64 1110, 
3: 110 149, 113 655, 111 1309, 106 1478, 
0: 114 1053, 
4: 101 190, 49 258, 99 467, 46 693, 62 870, 115 1019, 64 1110, 
1: 116 225, 109 355, 108 518, 
3: 110 149, 113 655, 117 979, 111 1309, 106 1478, 
11328
114 1053
1: 116 225, 118 312, 109 355, 108 518, 
11640
2: 119 305, 
11945
108 518
4: 120 105, 101 190, 49 258, 99 467, 46 693, 62 870, 115 1019, 64 1110, 
3: 121 57, 110 149, 113 655, 117 979, 111 1309, 106 1478, 
64 1110
1410
1: 118 312, 109 355, 108 518, 
11882
2: 119 305, 122 321, 
118 312
1: 118 312, 109 355, 108 518, 123 1002, 
0: 124 46, 114 1053, 
121 57
119 305
626
4: 120 105, 101 190, 49 258, 99 467, 46 693, 62 870, 64 1110, 
2: 119 305, 122 321, 
4: 120 105, 101 190, 49 258, 99 467, 125 674, 46 693, 62 870, 64 1110, 
0: 114 1053, 
1: 118 312, 109 355, 108 518, 123 1002, 126 1450, 
3: 121 57, 110 149, 113 655, 117 979, 127 1031, 111 1309, 106 1478, 
1: 128 258, 118 312, 109 355, 108 518, 123 1002, 126 1450, 
2: 119 305, 122 321, 129 679, 
1: 128 258, 118 312, 109 355, 108 518, 123 1002, 130 1188, 126 1450, 
1: 128 258, 118 312, 109 355, 108 518, 131 898, 123 1002, 130 1188, 126 1450, 
3: 121 57, 110 149, 113 655, 132 713, 117 979, 127 1031, 111 1309, 106 1478, 
2: 133 156, 119 305, 122 321, 129 679, 
3: 121 57, 110 149, 134 618, 113 655, 132 713, 117 979, 127 1031, 111 1309, 106 1478, 
0: 114 1053, 135 1330, 
3: 121 57, 110 149, 136 425, 134 618, 113 655, 132 713, 117 979, 127 1031, 111 1309, 106 1478, 
1: 128 258, 118 312, 137 315, 109 355, 108 518, 131 898, 123 1002, 130 1188, 126 1450, 
6296
1461
114 1053
1: 128 258, 118 312, 137 315, 109 355, 108 518, 131 898, 123 1002, 138 1027, 130 1188, 126 1450, 
2383
135 1330
1: 128 258, 118 312, 137 315, 109 355, 108 518, 139 611, 131 898, 123 1002, 138 1027, 130 1188, 126 1450, 
0: 140 868, 114 1053, 135 1330, 
1: 128 258, 118 312, 137 315, 109 355, 108 518, 139 611, 141 821, 131 898, 123 1002, 138 1027, 130 1188, 126 1450, 
0: 140 868, 114 1053, 135 1330, 
1: 128 258, 118 312, 137 315, 109 355, 108 518, 139 611, 141 821, 131 898, 123 1002, 138 1027, 130 1188, 126 1450, 
2: 133 156, 119 305, 122 321, 129 679, 
4: 120 105, 101 190, 49 258, 99 467, 125 674, 46 693, 62 870, 64 1110, 
64 1110
17834
2: 133 156, 119 305, 122 321, 
2: 133 156, 119 305, 122 321, 142 442, 
1224
1: 128 258, 118 312, 137 315, 109 355, 143 421, 108 518, 139 611, 141 821, 131 898, 123 1002, 138 1027, 130 1188, 126 1450, 
126 1450
9176
1: 128 258, 118 312, 137 315, 109 355, 143 421, 108 518, 139 611, 141 821, 131 898, 144 938, 123 1002, 138 1027, 130 1188, 126 1450, 
0: 145 600, 140 868, 114 1053, 135 1330, 
19556
4367
128 258
0: 145 600, 140 868, 114 1053, 135 1330, 
1: 128 258, 118 312, 137 315, 109 355, 143 421, 108 518, 139 611, 141 821, 131 898, 144 938, 123 1002, 138 1027, 130 1188, 126 1450, 
2: 133 156, 119 305, 122 321, 142 442, 
135 1330
0: 140 868, 114 1053, 135 1330, 
2: 133 156, 119 305, 122 321, 142 442, 146 495, 
15084
4: 147 515, 
15599
2: 133 156, 119 305, 122 321, 142 442, 
2: 133 156, 119 305, 122 321, 148 351, 142 442, 
1: 128 258, 118 312, 137 315, 109 355, 143 421, 108 518, 139 611, 141 821, 131 898, 144 938, 123 1002, 138 1027, 149 1099, 130 1188, 126 1450, 
2: 133 156, 119 305, 122 321, 148 351, 142 442, 150 1279, 
11213
0: 140 868, 114 1053, 151 1126, 135 1330, 
2: 133 156, 119 305, 122 321, 148 351, 142 442, 
0: 140 868, 114 1053, 151 1126, 152 1143, 135 1330, 
2: 133 156, 119 305, 122 321, 148 351, 142 442, 153 769, 
4: 154 652, 
2344
0: 140 868, 114 1053, 151 1126, 152 1143, 135 1330, 155 1453, 
140 868
2: 133 156, 119 305, 122 321, 148 351, 156 400, 142 442, 153 769, 
3: 157 760, 
0: 158 715, 140 868, 114 1053, 151 1126, 152 1143, 135 1330, 155 1453, 
1: 128 258, 118 312, 137 315, 109 355, 143 421, 159 475, 108 518, 139 611, 141 821, 131 898, 144 938, 123 1002, 138 1027, 149 1099, 130 1188, 126 1450, 
1: 128 258, 118 312, 137 315, 109 355, 143 421, 159 475, 108 518, 139 611, 141 821, 131 898, 144 938, 123 1002, 138 1027, 149 1099, 130 1188, 126 1450, 
2: 133 156, 119 305, 122 321, 148 351, 156 400, 142 442, 153 769, 
3: 157 760, 
4: 154 652, 
157 760
154 652
4: 154 652, 
4: 154 652, 160 953, 
4: 154 652, 
2: 133 156, 119 305, 122 321, 148 351, 156 400, 142 442, 153 769, 
4: 154 652, 
0: 161 216, 
2: 133 156, 119 305, 122 321, 148 351, 156 400, 142 442, 162 538, 153 769, 
4150
0: 163 78, 161 216, 
2: 133 156, 119 305, 122 321, 148 351, 156 400, 142 442, 162 538, 153 769, 
4: 154 652, 
4: 154 652, 
652
4: 154 652, 
154 652
652
652
2: 164 744, 
744
0: 165 1032, 
1: 166 1144, 
164 744
165 1032
1: 167 849, 166 1144, 
1: 167 849, 166 1144, 168 1252, 
1: 167 849, 166 1144, 169 1221, 168 1252, 
6894
4: 170 444, 154 652, 
164 744
1: 171 494, 167 849, 166 1144, 169 1221, 168 1252, 
0: 172 942, 165 1032, 
172 942
0: 172 942, 165 1032, 173 1065, 
0: 172 942, 165 1032, 173 1065, 
2: 164 744, 
4: 170 444, 154 652, 
4: 154 652, 
173 1065
4: 154 652, 174 879, 
0: 172 942, 165 1032, 173 1065, 
2: 164 744, 
164 744
2: 175 720, 164 744, 
3: 176 49, 
4552
176 49
0: 172 942, 165 1032, 173 1065, 177 1169, 
5721
1: 178 109, 
5830
178 109
1464
164 744
3: 176 49, 179 204, 
3: 176 49, 179 204, 180 1220, 
0: 172 942, 165 1032, 173 1065, 177 1169, 
2: 175 720, 164 744, 
3: 176 49, 179 204, 180 1220, 
7145
176 49
4: 181 232, 
0: 182 739, 172 942, 165 1032, 173 1065, 177 1169, 
2: 183 381, 175 720, 164 744, 
8497
181 232
183 381
0: 182 739, 172 942, 165 1032, 173 1065, 177 1169, 
3: 176 49, 179 204, 180 1220, 
4: 181 232, 
0: 182 739, 172 942, 165 1032, 173 1065, 177 1169, 
3: 176 49, 179 204, 180 1220, 
4: 184 1455, 
3: 176 49, 179 204, 185 533, 180 1220, 
180 1220
2: 186 480, 
8888
3: 176 49, 179 204, 180 1220, 
0: 187 637, 182 739, 172 942, 165 1032, 173 1065, 177 1169, 
4: 188 499, 
0: 187 637, 182 739, 189 778, 172 942, 165 1032, 173 1065, 177 1169, 
2: 186 480, 190 684, 
4: 188 499, 191 623, 
4: 191 623, 
0: 192 316, 187 637, 182 739, 189 778, 172 942, 165 1032, 173 1065, 177 1169, 
2: 186 480, 
177 1169
0: 192 316, 187 637, 182 739, 189 778, 172 942, 165 1032, 173 1065, 177 1169, 
3: 176 49, 179 204, 180 1220, 
4: 191 623, 
2: 193 538, 
0: 192 316, 187 637, 182 739, 189 778, 172 942, 165 1032, 173 1065, 177 1169, 
2: 193 538, 
3: 176 49, 179 204, 180 1220, 
193 538
2: 194 183, 193 538, 
2: 194 183, 193 538, 
3: 176 49, 179 204, 180 1220, 
2: 193 538, 
0: 195 908, 
2: 193 538, 196 1065, 
195 908
195 908
3984
3: 176 49, 179 204, 197 707, 180 1220, 
4691
180 1220
3: 176 49, 179 204, 197 707, 198 828, 180 1220, 
4: 199 686, 
6205
908
4: 199 686, 200 1467, 
7672
3: 176 49, 179 204, 198 828, 180 1220, 
193 538
0: 195 908, 201 1145, 
0: 195 908, 201 1145, 
2: 193 538, 196 1065, 
4: 199 686, 200 1467, 
1: 202 202, 
0: 195 908, 201 1145, 
1: 202 202, 
2: 193 538, 196 1065, 
3: 203 270, 
0: 195 908, 201 1145, 
1: 204 540, 
1: 205 95, 204 540, 
1: 205 95, 204 540, 206 1330, 
0: 195 908, 201 1145, 
3: 207 543, 
207 543
543
1: 208 68, 
3: 207 543, 209 1405, 
3: 210 133, 207 543, 209 1405, 
210 133
4134
4134
3: 207 543, 209 1405, 
4: 211 1086, 
211 1086
3: 207 543, 212 884, 209 1405, 
3: 207 543, 209 1405, 
1948
1: 213 439, 
439
213 439
0: 195 908, 201 1145, 214 1366, 
213 439
3: 207 543, 209 1405, 215 1447, 
0: 216 740, 195 908, 201 1145, 214 1366, 
7554
1: 217 794, 
0: 216 740, 195 908, 201 1145, 
6982
4: 218 1412, 
1: 219 636, 217 794, 
9030
1: 220 379, 219 636, 217 794, 
3395
2793
0: 216 740, 195 908, 201 1145, 
1: 220 379, 219 636, 217 794, 
3: 207 543, 209 1405, 215 1447, 
1: 221 330, 220 379, 219 636, 217 794, 
2: 222 1467, 
222 1467
9794
1: 221 330, 220 379, 217 794, 
0: 223 118, 216 740, 195 908, 201 1145, 
1: 221 330, 220 379, 217 794, 
2: 222 1467, 
3: 207 543, 209 1405, 215 1447, 
2: 224 1425, 222 1467, 
2: 224 1425, 222 1467, 
3: 207 543, 209 1405, 215 1447, 
0: 225 936, 
2: 224 1425, 222 1467, 
3: 207 543, 209 1405, 215 1447, 
6287
2: 226 57, 224 1425, 222 1467, 
0: 227 789, 
2: 226 57, 224 1425, 222 1467, 
Fim
