2: 0 796, 
3: 1 230, 
1: 2 535, 
6: 3 314, 
6: 3 314, 4 1470, 
4: 5 67, 
0: 6 1372, 
1: 2 535, 7 1141, 
2: 8 656, 0 796, 
4: 5 67, 9 1402, 
3: 1 230, 10 487, 
10 487
5: 11 353, 
2: 8 656, 0 796, 12 1296, 
0: 13 78, 6 1372, 
3: 1 230, 10 487, 14 1076, 
1469
3: 1 230, 10 487, 15 867, 14 1076, 
12140
12140
1: 2 535, 16 881, 7 1141, 
1 230
2748
1: 2 535, 16 881, 17 1061, 7 1141, 
1: 2 535, 18 707, 16 881, 17 1061, 7 1141, 
6: 3 314, 19 900, 4 1470, 
12 1296
15689
2: 8 656, 0 796, 12 1296, 20 1470, 
2 535
9 1402
17159
11 353
6: 3 314, 19 900, 21 920, 4 1470, 
6: 3 314, 19 900, 21 920, 4 1470, 
4: 5 67, 22 149, 9 1402, 
3: 10 487, 15 867, 14 1076, 
17998
13 78
0: 13 78, 6 1372, 
1: 2 535, 18 707, 16 881, 17 1061, 7 1141, 
3: 10 487, 15 867, 14 1076, 
4: 5 67, 22 149, 9 1402, 
5: 11 353, 
6: 3 314, 19 900, 21 920, 4 1470, 
5 67
0: 13 78, 23 602, 6 1372, 
6: 3 314, 21 920, 4 1470, 
13482
0: 13 78, 24 176, 23 602, 6 1372, 
3: 25 350, 10 487, 15 867, 14 1076, 
0: 13 78, 24 176, 23 602, 6 1372, 26 1492, 
2: 27 43, 
2704
27 43
11 353
1: 2 535, 18 707, 16 881, 17 1061, 7 1141, 
2: 27 43, 
3: 25 350, 10 487, 15 867, 14 1076, 
4: 5 67, 22 149, 9 1402, 
5: 11 353, 
6: 3 314, 21 920, 4 1470, 
3: 28 111, 25 350, 10 487, 15 867, 14 1076, 
1: 2 535, 18 707, 16 881, 17 1061, 7 1141, 
2: 27 43, 
3: 28 111, 25 350, 10 487, 15 867, 14 1076, 
4: 5 67, 22 149, 9 1402, 
5: 11 353, 
11 353
2: 27 43, 29 263, 
4: 5 67, 22 149, 30 1002, 9 1402, 
1: 2 535, 18 707, 16 881, 17 1061, 31 1112, 7 1141, 
1: 2 535, 18 707, 16 881, 17 1061, 31 1112, 7 1141, 
2: 27 43, 29 263, 
3: 28 111, 25 350, 10 487, 15 867, 14 1076, 
5: 11 353, 
7 1141
1: 2 535, 18 707, 16 881, 17 1061, 7 1141, 
2891
2: 27 43, 29 263, 32 326, 
8201
2: 27 43, 29 263, 
5: 11 353, 33 446, 
5: 11 353, 
1: 2 535, 18 707, 16 881, 17 1061, 7 1141, 
2: 27 43, 29 263, 
3: 28 111, 25 350, 10 487, 15 867, 14 1076, 
5: 11 353, 
1: 2 535, 18 707, 16 881, 17 1061, 7 1141, 34 1314, 
3: 28 111, 35 155, 25 350, 10 487, 15 867, 14 1076, 
1: 2 535, 18 707, 16 881, 17 1061, 7 1141, 
1: 2 535, 18 707, 16 881, 17 1061, 7 1141, 
2: 27 43, 29 263, 
5: 11 353, 
5: 11 353, 36 498, 
5482
0: 37 912, 
5: 11 353, 
5896
6: 38 388, 
4: 39 400, 
2: 27 43, 29 263, 40 549, 
37 912
39 400
4: 39 400, 41 872, 
1: 2 535, 18 707, 16 881, 17 1061, 7 1141, 42 1292, 
9009
0: 37 912, 43 1323, 
0: 44 849, 37 912, 43 1323, 
6: 45 46, 
0: 44 849, 37 912, 43 1323, 
1: 2 535, 18 707, 16 881, 17 1061, 7 1141, 42 1292, 
2: 27 43, 29 263, 40 549, 
4: 39 400, 41 872, 
5: 11 353, 
2: 27 43, 29 263, 40 549, 46 567, 
46 567
2 535
353
42 1292
1: 2 535, 18 707, 16 881, 17 1061, 7 1141, 42 1292, 47 1367, 
2: 27 43, 29 263, 48 436, 40 549, 46 567, 
3: 49 229, 
4: 39 400, 41 872, 50 1488, 
1: 51 51, 2 535, 18 707, 16 881, 17 1061, 7 1141, 42 1292, 47 1367, 
2: 27 43, 29 263, 48 436, 40 549, 46 567, 52 1060, 
39 400
0: 53 239, 44 849, 37 912, 43 1323, 
0: 54 233, 53 239, 44 849, 37 912, 43 1323, 
16851
2: 27 43, 29 263, 48 436, 46 567, 52 1060, 
4: 55 2, 39 400, 41 872, 50 1488, 
5: 11 353, 56 1448, 
0: 54 233, 44 849, 37 912, 43 1323, 
4: 55 2, 39 400, 41 872, 57 972, 50 1488, 
18485
1: 51 51, 2 535, 18 707, 16 881, 17 1061, 7 1141, 42 1292, 47 1367, 
2: 27 43, 29 263, 48 436, 46 567, 52 1060, 
3: 49 229, 
4: 55 2, 39 400, 41 872, 57 972, 50 1488, 
5: 11 353, 56 1448, 
4: 55 2, 39 400, 41 872, 57 972, 
4: 55 2, 39 400, 41 872, 
3: 49 229, 58 599, 
3: 58 599, 
11 353
55 2
13078
13078
13078
0: 59 1041, 
5: 11 353, 60 1160, 56 1448, 
58 599
0: 59 1041, 
1: 51 51, 2 535, 18 707, 16 881, 17 1061, 7 1141, 42 1292, 47 1367, 
2: 27 43, 29 263, 48 436, 46 567, 52 1060, 
3: 58 599, 
4: 55 2, 39 400, 41 872, 
2: 27 43, 29 263, 48 436, 46 567, 52 1060, 
3: 58 599, 
4: 55 2, 39 400, 41 872, 
3: 58 599, 
4: 55 2, 39 400, 41 872, 
4: 55 2, 61 69, 39 400, 41 872, 
6: 62 1261, 
599
6: 63 675, 62 1261, 
4: 55 2, 61 69, 64 157, 39 400, 41 872, 
2: 65 468, 
1500
1: 66 253, 
1: 66 253, 67 660, 
41 872
5: 68 408, 
5: 68 408, 69 534, 
5: 68 408, 
62 1261
68 408
67 660
1: 66 253, 67 660, 
3: 58 599, 
4: 55 2, 61 69, 64 157, 39 400, 41 872, 
5: 68 408, 
6: 70 264, 
913
3684
0: 71 841, 
0: 71 841, 
1: 66 253, 67 660, 
3: 58 599, 
5: 68 408, 
6: 70 264, 
6: 70 264, 72 1464, 
70 264
6: 70 264, 73 823, 72 1464, 
6: 70 264, 73 823, 74 1091, 72 1464, 
1: 66 253, 67 660, 
3: 58 599, 
5: 68 408, 
6: 70 264, 73 823, 74 1091, 72 1464, 
3: 75 250, 58 599, 
0: 76 422, 
6234
75 250
2: 77 641, 
77 641
6453
77 641
1: 66 253, 67 660, 
3: 75 250, 58 599, 
5: 68 408, 
6: 70 264, 73 823, 74 1091, 72 1464, 
1: 66 253, 67 660, 78 1317, 
78 1317
66 253
1: 66 253, 79 332, 67 660, 78 1317, 
7461
7461
4: 80 985, 
1: 66 253, 79 332, 67 660, 78 1317, 81 1388, 
1: 66 253, 79 332, 67 660, 78 1317, 81 1388, 
3: 75 250, 58 599, 
5: 68 408, 
6: 70 264, 73 823, 74 1091, 72 1464, 
2: 82 72, 
2: 82 72, 
3: 75 250, 58 599, 
5: 68 408, 
6: 70 264, 73 823, 74 1091, 72 1464, 
3: 75 250, 83 274, 58 599, 
5245
4: 84 551, 
551
1123
72
75 250
5796
3: 75 250, 83 274, 58 599, 
4: 84 551, 
5: 68 408, 
6: 70 264, 73 823, 74 1091, 72 1464, 
3: 75 250, 58 599, 
5450
3: 75 250, 85 275, 58 599, 
58 599
3: 75 250, 85 275, 86 333, 58 599, 
3: 75 250, 85 275, 86 333, 58 599, 87 1045, 
5: 68 408, 
6: 70 264, 73 823, 74 1091, 72 1464, 
4050
5: 68 408, 
6: 70 264, 73 823, 74 1091, 72 1464, 
5: 68 408, 
6: 70 264, 73 823, 74 1091, 72 1464, 
5: 68 408, 
68 408
1: 88 599, 
1007
599
88 599
1007
3: 89 411, 
2: 90 1161, 
2: 90 1161, 
3: 89 411, 
5: 68 408, 
0: 91 547, 
89 411
2527
4: 92 1422, 
90 1161
3: 89 411, 93 792, 
3: 89 411, 94 570, 93 792, 
2: 95 35, 90 1161, 
91 547
2: 95 35, 96 852, 90 1161, 
5: 68 408, 97 1174, 
5: 68 408, 98 944, 97 1174, 
0: 91 547, 
2: 95 35, 96 852, 90 1161, 
3: 89 411, 94 570, 93 792, 
4: 92 1422, 
2: 95 35, 96 852, 90 1161, 99 1259, 
1: 100 852, 
3: 101 255, 89 411, 94 570, 93 792, 
100 852
91 547
2: 95 35, 102 319, 96 852, 90 1161, 99 1259, 
93 792
1: 100 852, 
2: 95 35, 102 319, 96 852, 90 1161, 99 1259, 
3: 101 255, 89 411, 94 570, 93 792, 
4: 92 1422, 
0: 103 637, 
8565
2: 95 35, 102 319, 96 852, 90 1161, 99 1259, 104 1354, 
100 852
1: 105 613, 100 852, 
4: 106 471, 92 1422, 
0: 103 637, 107 714, 
1: 105 613, 100 852, 108 895, 
1: 105 613, 100 852, 108 895, 109 1243, 
2028
92 1422
2: 95 35, 102 319, 96 852, 110 891, 90 1161, 99 1259, 104 1354, 
103 637
0: 103 637, 107 714, 111 1272, 
16018
6: 112 1140, 
4: 113 463, 106 471, 92 1422, 
113 463
5: 114 696, 
2623
5: 115 651, 114 696, 
18968
1: 105 613, 100 852, 108 895, 
1347
4: 113 463, 106 471, 116 921, 92 1422, 
4: 113 463, 106 471, 117 682, 116 921, 92 1422, 
2623
108 895
5: 115 651, 114 696, 118 943, 
3959
0: 103 637, 107 714, 111 1272, 
0: 103 637, 107 714, 111 1272, 
2: 95 35, 102 319, 96 852, 110 891, 90 1161, 99 1259, 104 1354, 
3: 101 255, 89 411, 94 570, 93 792, 
4: 113 463, 106 471, 117 682, 116 921, 92 1422, 
5: 115 651, 114 696, 118 943, 
6: 112 1140, 
1: 119 459, 
119 459
2: 95 35, 102 319, 120 542, 96 852, 110 891, 90 1161, 99 1259, 104 1354, 
18912
6: 121 712, 112 1140, 
1: 119 459, 122 1114, 
0: 103 637, 107 714, 123 847, 111 1272, 
0: 103 637, 107 714, 123 847, 111 1272, 
1: 119 459, 122 1114, 
3: 101 255, 89 411, 94 570, 93 792, 
4: 113 463, 106 471, 117 682, 116 921, 92 1422, 
5: 115 651, 114 696, 118 943, 
6: 121 712, 112 1140, 
2: 124 1489, 
3: 101 255, 89 411, 94 570, 125 670, 93 792, 
3: 101 255, 89 411, 94 570, 125 670, 126 723, 93 792, 
1852
3421
121 712
1: 119 459, 127 786, 122 1114, 
3: 101 255, 89 411, 94 570, 125 670, 126 723, 93 792, 128 1152, 
128 1152
0: 103 637, 107 714, 123 847, 111 1272, 129 1284, 
19787
3: 101 255, 89 411, 94 570, 125 670, 126 723, 93 792, 130 908, 128 1152, 
0: 103 637, 107 714, 123 847, 111 1272, 129 1284, 
1: 119 459, 127 786, 122 1114, 
3: 101 255, 89 411, 94 570, 125 670, 126 723, 93 792, 130 908, 128 1152, 
4: 113 463, 106 471, 117 682, 116 921, 92 1422, 
5: 115 651, 114 696, 118 943, 
2: 131 461, 
4: 113 463, 106 471, 132 565, 117 682, 116 921, 92 1422, 
0: 103 637, 107 714, 123 847, 111 1272, 129 1284, 
1: 119 459, 127 786, 122 1114, 
2: 131 461, 
3: 101 255, 89 411, 94 570, 125 670, 126 723, 93 792, 130 908, 128 1152, 
5: 115 651, 114 696, 118 943, 
2: 133 241, 131 461, 
4: 134 1053, 
134 1053
16639
16639
1: 119 459, 127 786, 122 1114, 135 1133, 
131 461
119 459
2: 131 461, 
0: 103 637, 107 714, 123 847, 111 1272, 129 1284, 
2: 131 461, 
3: 101 255, 89 411, 94 570, 125 670, 126 723, 93 792, 130 908, 128 1152, 
4: 134 1053, 
5: 115 651, 114 696, 118 943, 
103 637
4: 136 424, 
13410
1: 137 399, 
13809
1: 137 399, 138 411, 
0: 103 637, 107 714, 123 847, 139 859, 111 1272, 129 1284, 
136 424
1: 137 399, 
2: 131 461, 140 881, 
1: 137 399, 141 871, 
16420
131 461
5: 142 68, 115 651, 114 696, 118 943, 
1: 137 399, 
103 637
0: 103 637, 107 714, 123 847, 139 859, 111 1272, 129 1284, 
3: 101 255, 89 411, 94 570, 125 670, 126 723, 93 792, 130 908, 128 1152, 
5: 142 68, 115 651, 114 696, 118 943, 
5481
5613
0: 103 637, 107 714, 123 847, 139 859, 111 1272, 129 1284, 
3: 101 255, 89 411, 94 570, 125 670, 126 723, 93 792, 130 908, 128 1152, 
4: 143 644, 
0: 144 206, 103 637, 107 714, 123 847, 139 859, 111 1272, 129 1284, 
5: 145 768, 
2: 146 782, 
1: 147 842, 
0: 144 206, 148 491, 103 637, 107 714, 123 847, 139 859, 111 1272, 129 1284, 
145 768
4: 149 548, 
129 1284
14731
0: 144 206, 148 491, 103 637, 107 714, 123 847, 139 859, 111 1272, 129 1284, 
2: 146 782, 
3: 101 255, 89 411, 94 570, 125 670, 126 723, 93 792, 130 908, 128 1152, 
4: 149 548, 
5: 145 768, 
0: 144 206, 148 491, 103 637, 107 714, 123 847, 139 859, 150 1236, 111 1272, 129 1284, 
0: 144 206, 148 491, 103 637, 107 714, 123 847, 139 859, 111 1272, 129 1284, 
2: 151 132, 146 782, 
14021
14021
146 782
2: 151 132, 146 782, 152 865, 
1: 153 634, 
6: 154 460, 
6: 155 306, 154 460, 
0: 144 206, 148 491, 103 637, 107 714, 156 734, 123 847, 139 859, 111 1272, 129 1284, 
3: 101 255, 89 411, 94 570, 125 670, 126 723, 93 792, 130 908, 157 1087, 128 1152, 
1: 158 450, 153 634, 
1: 159 375, 158 450, 153 634, 
18932
6: 155 306, 154 460, 
6: 155 306, 154 460, 160 586, 
6568
151 132
6: 155 306, 154 460, 160 586, 161 1189, 
2: 151 132, 146 782, 162 788, 152 865, 
128 1152
6: 155 306, 154 460, 160 586, 163 982, 161 1189, 
6: 155 306, 154 460, 160 586, 163 982, 164 1092, 161 1189, 
23569
5: 165 397, 145 768, 
6: 155 306, 154 460, 160 586, 163 982, 164 1092, 
0: 144 206, 166 338, 148 491, 103 637, 107 714, 156 734, 123 847, 139 859, 111 1272, 129 1284, 
3: 167 128, 101 255, 89 411, 94 570, 125 670, 126 723, 93 792, 130 908, 157 1087, 128 1152, 
4: 149 548, 168 1345, 
4: 169 233, 149 548, 168 1345, 
6: 155 306, 154 460, 160 586, 163 982, 
1: 159 375, 158 450, 153 634, 
2: 151 132, 146 782, 162 788, 152 865, 
3: 167 128, 101 255, 89 411, 94 570, 125 670, 126 723, 93 792, 130 908, 157 1087, 128 1152, 
4: 169 233, 149 548, 168 1345, 
5: 165 397, 145 768, 
6: 155 306, 154 460, 160 586, 163 982, 
145 768
3: 167 128, 101 255, 89 411, 94 570, 125 670, 126 723, 93 792, 130 908, 157 1087, 128 1152, 170 1222, 
163 982
5: 165 397, 145 768, 171 933, 
3: 167 128, 101 255, 89 411, 94 570, 125 670, 126 723, 93 792, 130 908, 157 1087, 172 1121, 128 1152, 170 1222, 
4: 169 233, 149 548, 168 1345, 173 1381, 
21004
2334
3: 167 128, 101 255, 89 411, 174 514, 94 570, 125 670, 126 723, 93 792, 130 908, 157 1087, 172 1121, 128 1152, 170 1222, 
155 306
173 1381
1: 159 375, 158 450, 153 634, 175 1249, 
5: 145 768, 171 933, 
5: 145 768, 171 933, 176 1141, 
2: 151 132, 146 782, 162 788, 177 842, 152 865, 
2: 151 132, 146 782, 162 788, 178 817, 177 842, 152 865, 
1: 159 375, 158 450, 153 634, 
1: 159 375, 158 450, 153 634, 
3: 167 128, 101 255, 89 411, 174 514, 94 570, 125 670, 126 723, 93 792, 130 908, 157 1087, 172 1121, 128 1152, 170 1222, 
4: 169 233, 149 548, 168 1345, 173 1381, 
5: 145 768, 171 933, 176 1141, 
6: 155 306, 154 460, 160 586, 163 982, 
19695
145 768
5: 145 768, 176 1141, 
18762
1: 159 375, 158 450, 153 634, 
3: 167 128, 101 255, 89 411, 174 514, 94 570, 125 670, 126 723, 93 792, 130 908, 157 1087, 172 1121, 128 1152, 170 1222, 
4: 169 233, 149 548, 168 1345, 173 1381, 
6: 155 306, 154 460, 160 586, 163 982, 
16853
4: 169 233, 179 437, 149 548, 168 1345, 173 1381, 
4: 169 233, 149 548, 168 1345, 173 1381, 
16853
16853
2: 180 1351, 
180 1351
0: 181 461, 
2: 182 727, 180 1351, 
181 461
1: 159 375, 158 450, 153 634, 
2: 182 727, 180 1351, 
3: 167 128, 101 255, 89 411, 174 514, 94 570, 125 670, 126 723, 93 792, 130 908, 157 1087, 172 1121, 128 1152, 170 1222, 
4: 169 233, 149 548, 168 1345, 173 1381, 
6: 155 306, 154 460, 160 586, 163 982, 
6: 155 306, 183 408, 154 460, 160 586, 163 982, 
0: 184 932, 
20271
4: 169 233, 185 282, 149 548, 168 1345, 173 1381, 
932
6: 155 306, 154 460, 160 586, 163 982, 
1: 186 54, 159 375, 158 450, 153 634, 
169 233
6: 155 306, 154 460, 160 586, 187 729, 163 982, 
6: 155 306, 154 460, 160 586, 187 729, 188 971, 163 982, 
155 306
163 982
2: 182 727, 189 1160, 180 1351, 
0: 184 932, 
2: 182 727, 189 1160, 180 1351, 
3: 167 128, 101 255, 89 411, 174 514, 94 570, 125 670, 126 723, 93 792, 130 908, 157 1087, 172 1121, 128 1152, 170 1222, 
4: 169 233, 185 282, 149 548, 168 1345, 173 1381, 
6: 155 306, 154 460, 160 586, 187 729, 188 971, 163 982, 
21546
6: 155 306, 154 460, 160 586, 188 971, 163 982, 
20817
1: 190 770, 
3305
0: 184 932, 
1: 190 770, 
2: 182 727, 189 1160, 180 1351, 
3: 167 128, 101 255, 89 411, 174 514, 94 570, 125 670, 126 723, 93 792, 130 908, 157 1087, 172 1121, 128 1152, 170 1222, 
4: 169 233, 185 282, 149 548, 168 1345, 173 1381, 
0: 184 932, 
2: 182 727, 189 1160, 180 1351, 
3: 167 128, 101 255, 89 411, 174 514, 94 570, 125 670, 126 723, 93 792, 130 908, 157 1087, 172 1121, 128 1152, 170 1222, 
4: 169 233, 185 282, 149 548, 168 1345, 173 1381, 
4: 169 233, 185 282, 149 548, 191 877, 168 1345, 173 1381, 
4: 169 233, 185 282, 149 548, 191 877, 192 1169, 168 1345, 173 1381, 
4: 169 233, 185 282, 149 548, 191 877, 168 1345, 173 1381, 
4666
2: 182 727, 189 1160, 180 1351, 193 1393, 
173 1381
193 1393
173 1381
3: 167 128, 101 255, 89 411, 174 514, 94 570, 125 670, 126 723, 194 754, 93 792, 130 908, 157 1087, 172 1121, 128 1152, 170 1222, 
4: 195 199, 169 233, 185 282, 149 548, 191 877, 168 1345, 173 1381, 
4: 195 199, 169 233, 185 282, 149 548, 168 1345, 173 1381, 
2: 196 447, 182 727, 189 1160, 180 1351, 193 1393, 
20305
193 1393
2: 197 362, 196 447, 182 727, 189 1160, 180 1351, 193 1393, 
0: 184 932, 
2: 197 362, 196 447, 182 727, 189 1160, 180 1351, 193 1393, 
4: 195 199, 169 233, 185 282, 149 548, 168 1345, 173 1381, 
5440
3: 198 330, 
10690
198 330
0: 184 932, 199 1225, 
1: 200 1039, 
4: 195 199, 169 233, 185 282, 201 320, 149 548, 168 1345, 173 1381, 
0: 202 129, 184 932, 199 1225, 
2286
3: 198 330, 203 966, 
5: 204 507, 
14876
14876
6: 205 147, 
195 199
202 129
15023
6: 205 147, 206 973, 
204 507
5: 207 132, 204 507, 
3: 198 330, 203 966, 208 1250, 
5: 207 132, 204 507, 209 1250, 
173 1381
5: 207 132, 210 198, 204 507, 209 1250, 
1039
4: 211 189, 195 199, 169 233, 185 282, 201 320, 149 548, 168 1345, 173 1381, 
2: 197 362, 196 447, 182 727, 189 1160, 212 1299, 180 1351, 193 1393, 
0: 202 129, 184 932, 199 1225, 
2: 197 362, 196 447, 182 727, 189 1160, 212 1299, 180 1351, 193 1393, 
3: 198 330, 203 966, 208 1250, 
4: 211 189, 195 199, 169 233, 185 282, 201 320, 149 548, 168 1345, 173 1381, 
5: 207 132, 210 198, 204 507, 209 1250, 
6: 205 147, 206 973, 
209 1250
197 362
0: 202 129, 184 932, 199 1225, 213 1450, 
2: 197 362, 196 447, 182 727, 189 1160, 212 1299, 214 1349, 180 1351, 193 1393, 
6: 205 147, 215 738, 206 973, 
2: 197 362, 196 447, 182 727, 189 1160, 216 1211, 212 1299, 214 1349, 180 1351, 193 1393, 
5: 207 132, 210 198, 204 507, 209 1250, 217 1466, 
1858
2: 197 362, 196 447, 182 727, 218 1060, 189 1160, 216 1211, 212 1299, 214 1349, 180 1351, 193 1393, 
2: 197 362, 196 447, 182 727, 219 739, 218 1060, 189 1160, 216 1211, 212 1299, 214 1349, 180 1351, 193 1393, 
27288
27288
202 129
0: 202 129, 184 932, 199 1225, 213 1450, 
2: 197 362, 196 447, 182 727, 219 739, 218 1060, 189 1160, 216 1211, 212 1299, 214 1349, 180 1351, 193 1393, 
3: 198 330, 203 966, 208 1250, 
4: 211 189, 195 199, 169 233, 185 282, 201 320, 149 548, 168 1345, 173 1381, 
6: 205 147, 215 738, 206 973, 
6: 205 147, 215 738, 
22762
2: 197 362, 196 447, 182 727, 219 739, 218 1060, 189 1160, 212 1299, 214 1349, 180 1351, 193 1393, 
1: 220 1186, 
0: 202 129, 184 932, 199 1225, 213 1450, 
2: 197 362, 196 447, 182 727, 219 739, 218 1060, 189 1160, 212 1299, 214 1349, 180 1351, 193 1393, 
3: 198 330, 203 966, 208 1250, 
4: 211 189, 195 199, 169 233, 185 282, 201 320, 149 548, 168 1345, 173 1381, 
6: 205 147, 215 738, 
0: 202 129, 184 932, 221 1186, 199 1225, 213 1450, 
213 1450
2: 197 362, 196 447, 182 727, 219 739, 218 1060, 189 1160, 212 1299, 214 1349, 180 1351, 193 1393, 
3: 198 330, 203 966, 208 1250, 
4: 211 189, 195 199, 169 233, 185 282, 201 320, 149 548, 168 1345, 173 1381, 
6: 205 147, 215 738, 
198 330
17815
4: 211 189, 195 199, 169 233, 185 282, 201 320, 149 548, 222 1043, 168 1345, 173 1381, 
2: 197 362, 196 447, 182 727, 219 739, 218 1060, 189 1160, 212 1299, 214 1349, 180 1351, 193 1393, 
3: 198 330, 203 966, 208 1250, 
6: 205 147, 215 738, 
13318
2: 197 362, 196 447, 182 727, 219 739, 218 1060, 189 1160, 212 1299, 214 1349, 180 1351, 193 1393, 
3: 198 330, 203 966, 208 1250, 
6: 205 147, 215 738, 
2: 223 298, 197 362, 196 447, 182 727, 219 739, 218 1060, 189 1160, 212 1299, 214 1349, 180 1351, 193 1393, 
10185
2: 197 362, 196 447, 182 727, 219 739, 218 1060, 189 1160, 212 1299, 214 1349, 180 1351, 193 1393, 
885
2: 197 362, 196 447, 182 727, 219 739, 218 1060, 224 1095, 189 1160, 212 1299, 214 1349, 180 1351, 193 1393, 
14413
10982
193 1393
3: 198 330, 203 966, 225 1185, 208 1250, 
3: 198 330, 226 882, 203 966, 225 1185, 208 1250, 
6: 205 147, 215 738, 227 933, 
17413
17413
4: 228 498, 
228 498
2: 197 362, 196 447, 182 727, 219 739, 218 1060, 224 1095, 189 1160, 212 1299, 214 1349, 180 1351, 193 1393, 
4: 228 498, 
6: 205 147, 215 738, 227 933, 
4: 228 498, 229 583, 
3: 230 1415, 
2: 197 362, 196 447, 182 727, 219 739, 231 864, 218 1060, 224 1095, 189 1160, 212 1299, 214 1349, 180 1351, 193 1393, 
2: 197 362, 196 447, 182 727, 219 739, 231 864, 218 1060, 224 1095, 189 1160, 212 1299, 214 1349, 180 1351, 193 1393, 
3: 230 1415, 
6: 205 147, 215 738, 227 933, 
1: 232 389, 
232 389
232 389
389
5: 233 332, 
15800
15800
5: 233 332, 234 688, 
234 688
2: 197 362, 196 447, 182 727, 219 739, 231 864, 218 1060, 224 1095, 189 1160, 212 1299, 214 1349, 180 1351, 193 1393, 
3: 230 1415, 
5: 233 332, 234 688, 
6: 205 147, 215 738, 227 933, 
16099
0: 235 99, 
5: 233 332, 
233 332
1818
0: 236 14, 235 99, 
0: 236 14, 235 99, 237 1368, 
16560
237 1368
16560
1: 238 1304, 
238 1304
1: 239 658, 238 1304, 
238 1304
1: 239 658, 238 1304, 
2: 197 362, 196 447, 182 727, 219 739, 231 864, 218 1060, 224 1095, 189 1160, 212 1299, 214 1349, 180 1351, 193 1393, 
3: 230 1415, 
6: 205 147, 215 738, 227 933, 
3: 240 1317, 230 1415, 
240 1317
230 1415
3: 241 787, 240 1317, 230 1415, 
2: 197 362, 196 447, 182 727, 219 739, 231 864, 218 1060, 224 1095, 189 1160, 212 1299, 214 1349, 180 1351, 193 1393, 
3: 241 787, 240 1317, 230 1415, 
6: 205 147, 215 738, 227 933, 
1: 242 858, 
3519
242 858
0: 243 1137, 
243 1137
4: 244 1216, 
5: 245 146, 
242 858
858
1137
243 1137
205 147
242 858
6: 205 147, 215 738, 227 933, 
5: 246 267, 
1: 242 858, 
2: 197 362, 196 447, 182 727, 219 739, 231 864, 218 1060, 224 1095, 189 1160, 212 1299, 214 1349, 180 1351, 193 1393, 
3: 241 787, 240 1317, 230 1415, 
4: 244 1216, 
6: 205 147, 215 738, 227 933, 
2: 197 362, 196 447, 182 727, 219 739, 231 864, 218 1060, 224 1095, 189 1160, 212 1299, 214 1349, 180 1351, 193 1393, 
11846
0: 247 1141, 
1: 248 825, 242 858, 
2: 197 362, 196 447, 182 727, 219 739, 231 864, 218 1060, 224 1095, 189 1160, 249 1270, 212 1299, 214 1349, 180 1351, 193 1393, 
1: 250 313, 248 825, 242 858, 
22806
3: 241 787, 251 914, 240 1317, 230 1415, 
3: 241 787, 240 1317, 230 1415, 
0: 252 786, 247 1141, 
23592
2: 253 12, 197 362, 196 447, 182 727, 219 739, 231 864, 218 1060, 224 1095, 189 1160, 249 1270, 212 1299, 214 1349, 180 1351, 193 1393, 
2: 253 12, 197 362, 196 447, 182 727, 219 739, 231 864, 254 923, 218 1060, 224 1095, 189 1160, 249 1270, 212 1299, 214 1349, 180 1351, 193 1393, 
4: 255 43, 244 1216, 
252 786
5: 256 742, 
3: 257 24, 241 787, 240 1317, 230 1415, 
25336
0: 247 1141, 
1: 258 93, 250 313, 248 825, 242 858, 
24643
2: 253 12, 197 362, 196 447, 182 727, 219 739, 231 864, 254 923, 218 1060, 224 1095, 189 1160, 249 1270, 212 1299, 214 1349, 180 1351, 259 1363, 193 1393, 
5: 260 283, 256 742, 
253 12
0: 247 1141, 
2: 253 12, 197 362, 196 447, 182 727, 219 739, 231 864, 254 923, 218 1060, 224 1095, 189 1160, 249 1270, 212 1299, 214 1349, 180 1351, 259 1363, 193 1393, 
3: 257 24, 241 787, 240 1317, 230 1415, 
4: 255 43, 244 1216, 
5: 260 283, 256 742, 
6: 205 147, 215 738, 227 933, 
4: 255 43, 261 474, 244 1216, 
3: 257 24, 241 787, 262 955, 240 1317, 230 1415, 
0: 263 124, 247 1141, 
25753
4498
255 43
0: 263 124, 264 557, 247 1141, 
1822
256 742
0: 263 124, 265 470, 264 557, 247 1141, 
230 1415
6: 205 147, 266 693, 215 738, 227 933, 
4: 255 43, 261 474, 244 1216, 267 1486, 
0: 263 124, 265 470, 264 557, 247 1141, 
2: 253 12, 197 362, 196 447, 182 727, 219 739, 231 864, 254 923, 218 1060, 224 1095, 189 1160, 249 1270, 212 1299, 214 1349, 180 1351, 259 1363, 193 1393, 
3: 257 24, 241 787, 262 955, 240 1317, 230 1415, 
5: 260 283, 256 742, 
6: 205 147, 266 693, 215 738, 227 933, 
0: 263 124, 265 470, 264 557, 247 1141, 268 1188, 
0: 265 470, 264 557, 247 1141, 268 1188, 
2511
0: 265 470, 264 557, 247 1141, 268 1188, 
2: 253 12, 197 362, 196 447, 182 727, 219 739, 231 864, 254 923, 218 1060, 224 1095, 189 1160, 249 1270, 212 1299, 214 1349, 180 1351, 259 1363, 193 1393, 
3: 257 24, 241 787, 262 955, 240 1317, 230 1415, 
6: 205 147, 266 693, 215 738, 227 933, 
0: 265 470, 264 557, 247 1141, 268 1188, 
2: 253 12, 197 362, 196 447, 182 727, 219 739, 231 864, 254 923, 218 1060, 224 1095, 189 1160, 249 1270, 212 1299, 214 1349, 180 1351, 259 1363, 193 1393, 
3: 257 24, 241 787, 262 955, 240 1317, 230 1415, 
0: 264 557, 247 1141, 268 1188, 
22798
3: 241 787, 262 955, 240 1317, 230 1415, 
3: 241 787, 262 955, 269 1289, 240 1317, 230 1415, 
268 1188
3: 241 787, 269 1289, 240 1317, 230 1415, 
2: 253 12, 270 264, 197 362, 196 447, 182 727, 219 739, 231 864, 254 923, 218 1060, 224 1095, 189 1160, 249 1270, 212 1299, 214 1349, 180 1351, 259 1363, 193 1393, 
4: 271 230, 
23602
23602
23602
2: 253 12, 270 264, 272 273, 197 362, 196 447, 182 727, 219 739, 231 864, 254 923, 218 1060, 224 1095, 189 1160, 249 1270, 212 1299, 214 1349, 180 1351, 259 1363, 193 1393, 
0: 264 557, 247 1141, 
271 230
22687
22687
241 787
1: 273 1249, 
0: 247 1141, 
0: 247 1141, 
3: 241 787, 269 1289, 240 1317, 230 1415, 
4: 271 230, 
5: 274 395, 
1: 275 591, 
4: 271 230, 276 1042, 
3: 277 96, 241 787, 269 1289, 240 1317, 230 1415, 
591
4: 271 230, 
7261
230 1415
1: 275 591, 278 1323, 
278 1323
3: 277 96, 241 787, 279 1285, 269 1289, 240 1317, 230 1415, 
6189
275 591
1: 275 591, 280 976, 278 1323, 
4: 271 230, 281 1411, 
3: 277 96, 241 787, 269 1289, 240 1317, 230 1415, 
0: 247 1141, 
3: 277 96, 241 787, 269 1289, 240 1317, 230 1415, 
4: 271 230, 281 1411, 
5: 274 395, 
281 1411
3: 277 96, 241 787, 269 1289, 240 1317, 282 1322, 230 1415, 
1: 283 1215, 
10618
1641
277 96
230 1415
3: 277 96, 284 570, 241 787, 269 1289, 240 1317, 282 1322, 230 1415, 
3: 277 96, 284 570, 241 787, 269 1289, 240 1317, 230 1415, 
0: 247 1141, 
1: 283 1215, 
3: 277 96, 284 570, 241 787, 269 1289, 240 1317, 230 1415, 
5: 274 395, 
4: 285 1324, 
3: 277 96, 284 570, 286 780, 241 787, 269 1289, 240 1317, 230 1415, 
5: 274 395, 287 481, 
0: 247 1141, 
1: 283 1215, 
4: 285 1324, 
5: 274 395, 287 481, 
4556
1215
5: 274 395, 287 481, 288 1254, 
0: 247 1141, 
4: 285 1324, 
4: 289 220, 285 1324, 
2685
0: 247 1141, 
0: 247 1141, 
5: 290 490, 
6: 291 641, 
5: 292 33, 
1: 293 1438, 
2: 294 288, 
641
2: 294 288, 295 675, 
0: 247 1141, 296 1367, 
1438
0: 247 1141, 296 1367, 
1: 293 1438, 
5: 292 33, 
6: 291 641, 
0: 247 1141, 
0: 297 67, 247 1141, 
0: 247 1141, 
0: 298 981, 247 1141, 
4234
0: 299 160, 298 981, 247 1141, 
1: 293 1438, 
5: 292 33, 
6: 291 641, 
6: 291 641, 300 1420, 
2061
6: 291 641, 
2112
4: 301 571, 
1: 302 812, 293 1438, 
1: 303 201, 302 812, 293 1438, 
3696
5: 292 33, 304 421, 
5: 292 33, 304 421, 305 1267, 
3: 306 1249, 
6: 307 180, 291 641, 
6: 291 641, 
0: 308 599, 
308 599
5983
308 599
6: 291 641, 
5: 292 33, 304 421, 305 1267, 309 1403, 
1: 303 201, 302 812, 310 944, 293 1438, 
7731
0: 311 637, 
8368
1: 303 201, 302 812, 293 1438, 
0: 311 637, 312 774, 
5: 292 33, 304 421, 305 1267, 309 1403, 313 1466, 
4: 314 276, 301 571, 
2451
6: 315 637, 291 641, 
0: 311 637, 
9803
5: 292 33, 304 421, 316 455, 305 1267, 309 1403, 313 1466, 
315 637
0: 311 637, 
1: 303 201, 302 812, 293 1438, 
4: 314 276, 301 571, 
5: 292 33, 304 421, 316 455, 305 1267, 309 1403, 313 1466, 
6: 317 795, 
6: 317 795, 318 1354, 
2: 319 1129, 
1: 303 201, 302 812, 320 1299, 293 1438, 
1: 303 201, 302 812, 293 1438, 
318 1354
3: 321 426, 
6: 317 795, 
0: 311 637, 
1: 303 201, 302 812, 293 1438, 
2: 319 1129, 
3: 321 426, 
4: 314 276, 301 571, 
6: 317 795, 
321 426
321 426
1: 303 201, 302 812, 322 904, 293 1438, 
4: 314 276, 301 571, 323 586, 
0: 311 637, 
1: 303 201, 302 812, 322 904, 293 1438, 
2: 319 1129, 
3: 321 426, 
0: 311 637, 
2: 319 1129, 
3: 321 426, 
1: 324 467, 
5: 325 375, 
3034
3034
4: 326 869, 
3903
1: 324 467, 327 1449, 
0: 311 637, 328 682, 
1: 324 467, 329 1439, 327 1449, 
324 467
3: 330 131, 321 426, 
0: 311 637, 
0: 311 637, 
1: 324 467, 329 1439, 327 1449, 
2: 319 1129, 
4: 326 869, 
1: 324 467, 331 915, 329 1439, 327 1449, 
0: 332 518, 311 637, 
332 518
1129
1: 333 166, 324 467, 331 915, 329 1439, 327 1449, 
4436
1: 333 166, 324 467, 331 915, 329 1439, 327 1449, 
2: 319 1129, 
4: 326 869, 
869
3: 334 9, 
5: 335 1457, 
1: 333 166, 324 467, 331 915, 329 1439, 327 1449, 
2: 319 1129, 
3: 334 9, 
4: 326 869, 
1: 333 166, 324 467, 331 915, 329 1439, 327 1449, 
6443
2: 319 1129, 
869
6443
2: 336 257, 319 1129, 
1: 333 166, 324 467, 331 915, 329 1439, 327 1449, 
3: 334 9, 
4: 326 869, 
1: 333 166, 324 467, 331 915, 329 1439, 327 1449, 
3: 334 9, 
4: 326 869, 
5314
326 869
2: 337 183, 
1: 333 166, 324 467, 331 915, 329 1439, 327 1449, 
3: 334 9, 
4: 326 869, 
3: 334 9, 
0: 338 1000, 
1: 333 166, 324 467, 331 915, 329 1439, 327 1449, 
3: 334 9, 
4: 326 869, 
4: 339 487, 326 869, 
4: 339 487, 326 869, 340 1044, 
4: 339 487, 326 869, 340 1044, 341 1142, 
7987
4: 339 487, 326 869, 341 1142, 
4: 326 869, 341 1142, 
0: 342 73, 
5: 343 433, 
342 73
0: 342 73, 
1: 333 166, 324 467, 331 915, 329 1439, 327 1449, 
3: 334 9, 
4: 326 869, 341 1142, 
6529
1: 333 166, 324 467, 331 915, 329 1439, 327 1449, 
3: 334 9, 
4: 326 869, 341 1142, 
326 869
3: 334 9, 344 803, 
812
1: 333 166, 324 467, 331 915, 329 1439, 327 1449, 
4: 326 869, 341 1142, 
6447
2: 345 91, 
6538
6: 346 556, 
0: 347 1194, 
6: 348 152, 346 556, 
348 152
0: 347 1194, 
1: 333 166, 324 467, 331 915, 329 1439, 327 1449, 
4: 326 869, 341 1142, 
6447
4: 326 869, 341 1142, 
6447
4: 326 869, 349 1071, 341 1142, 
1: 333 166, 324 467, 350 600, 331 915, 329 1439, 327 1449, 
5036
4: 351 240, 326 869, 349 1071, 341 1142, 
327 1449
3: 352 1289, 
4: 353 46, 351 240, 326 869, 349 1071, 341 1142, 
4: 353 46, 351 240, 326 869, 341 1142, 
8622
2: 354 738, 
9360
0: 355 802, 
1: 333 166, 324 467, 350 600, 331 915, 329 1439, 327 1449, 
2: 354 738, 
3: 352 1289, 
4: 353 46, 351 240, 326 869, 341 1142, 
1: 333 166, 324 467, 350 600, 331 915, 329 1439, 327 1449, 
3: 352 1289, 
4: 353 46, 351 240, 326 869, 341 1142, 
1: 333 166, 324 467, 350 600, 331 915, 329 1439, 327 1449, 
3: 352 1289, 
4: 353 46, 351 240, 326 869, 341 1142, 
1: 333 166, 324 467, 350 600, 331 915, 329 1439, 327 1449, 
3: 352 1289, 
4: 353 46, 351 240, 326 869, 341 1142, 
8622
2297
5: 356 438, 
356 438
9060
9060
4: 357 17, 353 46, 351 240, 326 869, 341 1142, 
356 438
3: 358 998, 352 1289, 
4: 353 46, 351 240, 326 869, 341 1142, 
10058
2: 359 798, 
10856
5: 356 438, 360 717, 
1: 333 166, 324 467, 350 600, 331 915, 329 1439, 327 1449, 
2: 359 798, 
4: 353 46, 351 240, 326 869, 341 1142, 
5: 356 438, 360 717, 
1: 333 166, 324 467, 350 600, 331 915, 329 1439, 327 1449, 
2: 359 798, 
4: 353 46, 351 240, 326 869, 341 1142, 
6: 361 1019, 
6: 361 1019, 362 1214, 
0: 363 880, 
1: 333 166, 324 467, 350 600, 331 915, 329 1439, 327 1449, 
2: 359 798, 
4: 353 46, 351 240, 326 869, 341 1142, 
6: 361 1019, 362 1214, 
3: 364 750, 
5036
1: 333 166, 324 467, 350 600, 331 915, 365 944, 329 1439, 327 1449, 
4: 353 46, 366 71, 351 240, 326 869, 341 1142, 
6: 361 1019, 
1: 333 166, 324 467, 350 600, 331 915, 365 944, 329 1439, 327 1449, 
2: 359 798, 
4: 353 46, 366 71, 351 240, 326 869, 341 1142, 
6: 361 1019, 
353 46
1: 333 166, 324 467, 350 600, 331 915, 365 944, 329 1439, 327 1449, 
2: 359 798, 
6: 361 1019, 
1: 333 166, 324 467, 350 600, 331 915, 329 1439, 327 1449, 
3: 367 1388, 
8241
2: 368 326, 359 798, 
5: 369 1424, 
1424
368 326
3: 370 1367, 367 1388, 
1: 333 166, 324 467, 350 600, 331 915, 329 1439, 327 1449, 
2: 368 326, 359 798, 
3: 370 1367, 367 1388, 
6: 361 1019, 
3: 371 911, 370 1367, 367 1388, 
2: 359 798, 
367 1388
5: 372 645, 
372 645
1: 333 166, 324 467, 373 554, 350 600, 331 915, 329 1439, 327 1449, 
4: 374 640, 
11713
1: 333 166, 324 467, 373 554, 350 600, 331 915, 329 1439, 327 1449, 
2: 359 798, 
3: 371 911, 370 1367, 367 1388, 
6: 361 1019, 
2: 359 798, 
3: 371 911, 370 1367, 367 1388, 
6: 361 1019, 
2: 375 623, 359 798, 
359 798
6: 376 531, 361 1019, 
6: 361 1019, 
2: 375 623, 359 798, 377 1058, 
2479
7164
1: 378 916, 
2: 375 623, 359 798, 379 913, 377 1058, 
2: 380 355, 375 623, 359 798, 379 913, 377 1058, 
3: 371 911, 370 1367, 367 1388, 
6: 361 1019, 
3: 371 911, 370 1367, 367 1388, 
6: 361 1019, 
361 1019
4685
4: 381 1230, 
381 1230
3: 371 911, 370 1367, 367 1388, 
6: 361 1019, 
4685
6: 382 531, 361 1019, 
1: 383 462, 
5678
1: 383 462, 
3: 371 911, 370 1367, 367 1388, 
6: 384 241, 
4: 385 1320, 
5: 386 970, 
2: 387 1465, 
1: 388 214, 
2: 389 286, 387 1465, 
0: 390 608, 
0: 390 608, 391 697, 
390 608
2: 389 286, 
1305
4: 392 406, 385 1320, 
1726
2: 393 102, 389 286, 
2: 393 102, 389 286, 394 1151, 
0: 390 608, 391 697, 
1: 388 214, 
3: 371 911, 370 1367, 367 1388, 
4: 392 406, 385 1320, 
6: 384 241, 
0: 390 608, 391 697, 
3: 371 911, 370 1367, 367 1388, 
4: 392 406, 385 1320, 
6: 384 241, 
391 697
6938
6938
6938
3: 395 570, 371 911, 370 1367, 367 1388, 
367 1388
0: 396 444, 390 608, 391 697, 
1749
0: 390 608, 391 697, 
7508
4236
1726
7508
0: 390 608, 
6811
2: 397 1139, 
1139
2: 397 1139, 
3: 395 570, 371 911, 370 1367, 367 1388, 
4: 392 406, 385 1320, 
6: 384 241, 
4: 398 8, 392 406, 385 1320, 
3: 395 570, 371 911, 370 1367, 367 1388, 
6: 384 241, 
384 241
0: 399 1079, 
5556
4: 400 1052, 
3: 395 570, 371 911, 370 1367, 367 1388, 401 1485, 
7041
3: 395 570, 371 911, 370 1367, 367 1388, 
3: 395 570, 371 911, 370 1367, 367 1388, 
6: 384 241, 
4236
0: 402 612, 
5089
402 612
5: 403 541, 
402 612
5: 403 541, 404 984, 
612
1: 405 268, 
0: 406 393, 402 612, 
404 984
7275
1: 405 268, 407 852, 
2: 408 611, 
8738
0: 406 393, 
408 611
8126
4: 409 1298, 
3: 410 154, 395 570, 371 911, 370 1367, 367 1388, 
0: 406 393, 
1: 405 268, 407 852, 
2: 408 611, 
3: 410 154, 395 570, 371 911, 370 1367, 367 1388, 
5: 403 541, 404 984, 
6: 384 241, 
410 154
367 1388
3: 410 154, 395 570, 371 911, 411 982, 370 1367, 367 1388, 
2: 408 611, 412 1369, 
5: 403 541, 404 984, 413 1138, 
2: 408 611, 414 1141, 412 1369, 
0: 406 393, 
1: 405 268, 407 852, 
2: 408 611, 414 1141, 412 1369, 
5: 403 541, 404 984, 413 1138, 
6: 384 241, 
7538
0: 406 393, 
1: 405 268, 407 852, 
2: 408 611, 414 1141, 412 1369, 
6: 384 241, 
6: 384 241, 415 997, 
5: 416 1404, 
0: 406 393, 417 1278, 
2: 418 31, 408 611, 414 1141, 412 1369, 
4: 419 1017, 
2: 418 31, 420 55, 408 611, 414 1141, 412 1369, 
418 31
1: 405 268, 407 852, 
2: 418 31, 420 55, 408 611, 414 1141, 412 1369, 
4: 419 1017, 
6: 384 241, 415 997, 
419 1017
5: 421 713, 
4: 422 607, 419 1017, 
7902
3207
412 1369
3: 423 255, 
0: 424 508, 
5: 421 713, 425 915, 
9580
0: 424 508, 
1: 405 268, 407 852, 
2: 418 31, 420 55, 408 611, 414 1141, 412 1369, 
3: 423 255, 
4: 422 607, 419 1017, 
6: 384 241, 415 997, 
1: 405 268, 407 852, 426 853, 
3: 427 69, 423 255, 
8874
5: 428 1287, 
10161
1: 405 268, 429 311, 407 852, 426 853, 
424 508
428 1287
3: 427 69, 423 255, 430 1168, 
4: 422 607, 431 951, 419 1017, 
6: 384 241, 432 857, 415 997, 
1: 405 268, 429 311, 407 852, 426 853, 433 1135, 
424 508
0: 424 508, 434 1286, 
0: 424 508, 435 1165, 434 1286, 
17034
4: 436 275, 422 607, 431 951, 419 1017, 
4: 436 275, 422 607, 431 951, 419 1017, 437 1085, 
18394
0: 424 508, 435 1165, 434 1286, 
1: 405 268, 429 311, 407 852, 426 853, 433 1135, 
2: 418 31, 420 55, 408 611, 414 1141, 412 1369, 
3: 427 69, 423 255, 430 1168, 
5: 428 1287, 
6: 384 241, 432 857, 415 997, 
405 268
14459
0: 424 508, 435 1165, 434 1286, 
2: 418 31, 420 55, 408 611, 414 1141, 412 1369, 
3: 427 69, 423 255, 430 1168, 
5: 428 1287, 
6: 384 241, 432 857, 415 997, 
384 241
1: 438 1347, 
5: 439 1049, 428 1287, 
13436
13436
1: 440 196, 438 1347, 
6: 384 241, 441 322, 432 857, 415 997, 
0: 424 508, 435 1165, 434 1286, 
1: 440 196, 438 1347, 
2: 418 31, 420 55, 408 611, 414 1141, 412 1369, 
3: 427 69, 423 255, 430 1168, 
5: 439 1049, 428 1287, 
4: 442 941, 
6: 443 456, 
1: 444 99, 440 196, 438 1347, 
13033
6: 443 456, 445 683, 
3: 427 69, 446 116, 423 255, 430 1168, 
430 1168
4: 447 137, 442 941, 
0: 424 508, 435 1165, 434 1286, 
2: 418 31, 420 55, 408 611, 414 1141, 412 1369, 
3: 427 69, 446 116, 423 255, 430 1168, 
4: 447 137, 442 941, 
5: 439 1049, 428 1287, 
6: 443 456, 445 683, 
1139
12327
6: 443 456, 
5: 439 1049, 428 1287, 448 1413, 
448 1413
0: 424 508, 435 1165, 434 1286, 
2: 418 31, 420 55, 408 611, 414 1141, 412 1369, 
3: 427 69, 446 116, 423 255, 430 1168, 
4: 447 137, 442 941, 
5: 439 1049, 428 1287, 448 1413, 
0: 424 508, 435 1165, 434 1286, 
2: 418 31, 420 55, 408 611, 414 1141, 412 1369, 
4: 447 137, 442 941, 
5: 439 1049, 428 1287, 448 1413, 
3749
0: 424 508, 435 1165, 434 1286, 
2: 418 31, 420 55, 408 611, 414 1141, 412 1369, 
4: 447 137, 442 941, 
0: 424 508, 449 805, 435 1165, 434 1286, 
8049
1: 450 806, 
2: 418 31, 420 55, 451 192, 408 611, 414 1141, 412 1369, 
4: 447 137, 452 479, 442 941, 
0: 424 508, 449 805, 435 1165, 434 1286, 
1: 450 806, 
2: 418 31, 420 55, 451 192, 408 611, 414 1141, 412 1369, 
1: 450 806, 453 1239, 
453 1239
5: 454 431, 
5: 454 431, 455 1260, 
454 431
10899
1: 450 806, 456 898, 453 1239, 
11797
3: 457 1268, 
455 1260
1691
0: 424 508, 449 805, 435 1165, 434 1286, 
2: 418 31, 420 55, 451 192, 408 611, 414 1141, 412 1369, 
3: 457 1268, 
5: 454 431, 455 1260, 
457 1268
0: 424 508, 449 805, 435 1165, 434 1286, 
2: 418 31, 420 55, 451 192, 408 611, 414 1141, 412 1369, 
5: 454 431, 455 1260, 
412 1369
0: 458 255, 424 508, 449 805, 435 1165, 434 1286, 
6: 459 156, 
0: 458 255, 424 508, 449 805, 460 1084, 435 1165, 434 1286, 
0: 458 255, 424 508, 449 805, 435 1165, 434 1286, 
0: 458 255, 424 508, 449 805, 435 1165, 434 1286, 
6: 461 1395, 
1: 462 196, 
5: 463 173, 454 431, 455 1260, 
2: 418 31, 420 55, 451 192, 464 357, 408 611, 414 1141, 412 1369, 
0: 458 255, 424 508, 449 805, 435 1165, 434 1286, 
1: 462 196, 
5: 463 173, 454 431, 455 1260, 
5: 463 173, 454 431, 465 1242, 455 1260, 
5: 463 173, 454 431, 455 1260, 
0: 458 255, 424 508, 449 805, 435 1165, 434 1286, 
1: 462 196, 
5: 463 173, 454 431, 455 1260, 
6079
4: 466 1290, 
4: 467 1448, 
5: 463 173, 454 431, 468 971, 455 1260, 
463 173
455 1260
467 1448
4: 469 299, 467 1448, 
6: 470 1146, 
1: 462 196, 471 1292, 
2: 472 247, 
6: 473 774, 470 1146, 
6: 474 134, 473 774, 470 1146, 
469 299
2: 472 247, 475 300, 
470 1146
2: 472 247, 
2: 472 247, 476 520, 
462 196
463 173
472 247
0: 458 255, 424 508, 449 805, 435 1165, 434 1286, 
1: 462 196, 471 1292, 
2: 472 247, 476 520, 
5: 463 173, 454 431, 468 971, 455 1260, 
6: 474 134, 473 774, 470 1146, 
0: 477 186, 458 255, 424 508, 449 805, 435 1165, 434 1286, 
4: 478 726, 
5: 463 173, 454 431, 479 605, 468 971, 455 1260, 
5: 463 173, 480 380, 454 431, 479 605, 468 971, 455 1260, 
6: 474 134, 481 765, 473 774, 470 1146, 
3820
2: 472 247, 476 520, 482 929, 
1: 483 136, 462 196, 471 1292, 
3: 484 159, 
4: 485 490, 478 726, 
463 173
5: 463 173, 480 380, 454 431, 479 605, 468 971, 486 1018, 455 1260, 
1624
0: 477 186, 458 255, 424 508, 449 805, 435 1165, 434 1286, 
1: 483 136, 462 196, 471 1292, 
2: 472 247, 476 520, 482 929, 
4: 485 490, 478 726, 
5: 463 173, 480 380, 454 431, 479 605, 468 971, 486 1018, 455 1260, 
6: 474 134, 481 765, 473 774, 470 1146, 
0: 477 186, 458 255, 424 508, 487 804, 449 805, 435 1165, 434 1286, 
6: 474 134, 488 548, 481 765, 473 774, 470 1146, 
477 186
1: 483 136, 462 196, 471 1292, 
2: 472 247, 476 520, 482 929, 
4: 485 490, 478 726, 
5: 463 173, 480 380, 454 431, 479 605, 468 971, 486 1018, 455 1260, 
6: 474 134, 488 548, 481 765, 473 774, 470 1146, 
12741
0: 489 474, 
5: 463 173, 480 380, 454 431, 479 605, 468 971, 486 1018, 490 1185, 455 1260, 
463 173
3: 491 764, 
14690
3: 492 71, 491 764, 
6: 474 134, 493 350, 488 548, 481 765, 473 774, 470 1146, 
0: 494 688, 
5: 463 173, 480 380, 454 431, 479 605, 468 971, 486 1018, 490 1185, 495 1221, 455 1260, 
6: 474 134, 488 548, 481 765, 473 774, 470 1146, 
494 688
3: 492 71, 
1: 483 136, 462 196, 471 1292, 496 1321, 
17227
2: 497 168, 472 247, 476 520, 482 929, 
4: 485 490, 478 726, 498 1483, 
3: 492 71, 499 526, 
688
0: 500 27, 494 688, 
1864
485 490
1: 483 136, 462 196, 501 1186, 471 1292, 496 1321, 
0: 500 27, 502 310, 494 688, 
2: 497 168, 472 247, 476 520, 503 881, 482 929, 
3: 499 526, 
497 168
1: 483 136, 462 196, 504 988, 501 1186, 471 1292, 496 1321, 
6: 474 134, 488 548, 505 738, 481 765, 473 774, 470 1146, 
1: 483 136, 462 196, 504 988, 501 1186, 471 1292, 
470 1146
2: 472 247, 476 520, 503 881, 482 929, 
1: 483 136, 462 196, 504 988, 471 1292, 
2: 472 247, 476 520, 482 929, 
5: 506 109, 463 173, 480 380, 454 431, 479 605, 468 971, 486 1018, 490 1185, 495 1221, 455 1260, 
5: 463 173, 480 380, 454 431, 479 605, 468 971, 486 1018, 490 1185, 495 1221, 455 1260, 
1: 483 136, 462 196, 507 285, 504 988, 471 1292, 
2897
5: 463 173, 508 191, 480 380, 454 431, 479 605, 468 971, 486 1018, 490 1185, 495 1221, 455 1260, 
19857
1: 483 136, 462 196, 507 285, 509 957, 504 988, 471 1292, 
483 136
5: 463 173, 508 191, 510 204, 480 380, 454 431, 479 605, 468 971, 486 1018, 490 1185, 495 1221, 455 1260, 
3: 511 485, 
21503
5: 463 173, 508 191, 510 204, 480 380, 512 389, 454 431, 479 605, 468 971, 486 1018, 490 1185, 495 1221, 455 1260, 
5: 463 173, 508 191, 510 204, 480 380, 512 389, 454 431, 479 605, 513 914, 468 971, 486 1018, 490 1185, 495 1221, 455 1260, 
471 1292
1: 483 136, 462 196, 507 285, 514 405, 509 957, 504 988, 471 1292, 
23211
5: 463 173, 508 191, 510 204, 480 380, 512 389, 454 431, 479 605, 513 914, 468 971, 486 1018, 490 1185, 495 1221, 455 1260, 515 1456, 
511 485
2: 516 0, 472 247, 476 520, 482 929, 
485
1696
2: 516 0, 472 247, 476 520, 482 929, 517 1181, 
2: 516 0, 472 247, 476 520, 482 929, 
1: 483 136, 462 196, 507 285, 514 405, 518 818, 509 957, 504 988, 471 1292, 
1: 483 136, 462 196, 507 285, 514 405, 518 818, 509 957, 504 988, 519 1246, 471 1292, 
0: 500 27, 502 310, 494 688, 520 819, 
0: 500 27, 502 310, 494 688, 520 819, 
2: 516 0, 472 247, 476 520, 482 929, 
3: 511 485, 
4: 485 490, 478 726, 498 1483, 
5: 463 173, 508 191, 510 204, 480 380, 512 389, 454 431, 479 605, 513 914, 468 971, 486 1018, 490 1185, 495 1221, 455 1260, 515 1456, 
6: 474 134, 488 548, 505 738, 481 765, 473 774, 470 1146, 
511 485
3: 511 485, 521 1026, 
2: 516 0, 472 247, 476 520, 482 929, 
3: 511 485, 521 1026, 
4: 485 490, 478 726, 498 1483, 
5: 463 173, 508 191, 510 204, 480 380, 512 389, 454 431, 479 605, 513 914, 468 971, 486 1018, 490 1185, 495 1221, 455 1260, 515 1456, 
6: 474 134, 488 548, 505 738, 481 765, 473 774, 470 1146, 
5: 463 173, 508 191, 510 204, 480 380, 512 389, 454 431, 479 605, 513 914, 468 971, 486 1018, 490 1185, 495 1221, 455 1260, 522 1332, 515 1456, 
463 173
2: 516 0, 472 247, 476 520, 482 929, 523 1328, 
11730
2: 516 0, 472 247, 476 520, 482 929, 523 1328, 
4: 485 490, 478 726, 498 1483, 
5: 463 173, 508 191, 510 204, 480 380, 512 389, 454 431, 479 605, 513 914, 468 971, 486 1018, 490 1185, 495 1221, 455 1260, 522 1332, 515 1456, 
6: 474 134, 488 548, 505 738, 481 765, 473 774, 470 1146, 
2: 516 0, 472 247, 476 520, 482 929, 524 1311, 523 1328, 
6: 525 110, 474 134, 488 548, 505 738, 481 765, 473 774, 470 1146, 
5: 463 173, 508 191, 510 204, 480 380, 512 389, 454 431, 479 605, 526 885, 513 914, 468 971, 486 1018, 490 1185, 495 1221, 455 1260, 522 1332, 515 1456, 
23864
463 173
5: 463 173, 508 191, 510 204, 480 380, 512 389, 454 431, 527 482, 479 605, 526 885, 513 914, 468 971, 486 1018, 490 1185, 495 1221, 455 1260, 522 1332, 515 1456, 
2: 516 0, 472 247, 476 520, 528 675, 482 929, 524 1311, 523 1328, 
470 1146
5: 463 173, 508 191, 510 204, 480 380, 512 389, 454 431, 527 482, 479 605, 526 885, 513 914, 468 971, 486 1018, 490 1185, 495 1221, 529 1242, 455 1260, 522 1332, 515 1456, 
6: 525 110, 474 134, 488 548, 530 568, 505 738, 481 765, 473 774, 470 1146, 
2: 516 0, 472 247, 476 520, 528 675, 482 929, 524 1311, 523 1328, 
4: 485 490, 478 726, 498 1483, 
6: 525 110, 474 134, 488 548, 530 568, 505 738, 481 765, 473 774, 470 1146, 
2: 516 0, 472 247, 476 520, 528 675, 482 929, 524 1311, 523 1328, 
4: 485 490, 478 726, 498 1483, 
1: 531 1099, 
4: 532 1, 485 490, 478 726, 498 1483, 
8809
2: 516 0, 472 247, 476 520, 528 675, 482 929, 533 1288, 524 1311, 523 1328, 
2: 516 0, 472 247, 476 520, 534 593, 528 675, 482 929, 533 1288, 524 1311, 523 1328, 
1: 531 1099, 535 1409, 
523 1328
6: 536 1420, 
13519
2: 516 0, 472 247, 537 320, 476 520, 534 593, 528 675, 482 929, 533 1288, 524 1311, 523 1328, 
1: 531 1099, 535 1409, 
4: 532 1, 485 490, 478 726, 498 1483, 
6: 536 1420, 
6628
6: 538 227, 536 1420, 
5: 539 906, 
6: 538 227, 540 1287, 536 1420, 
3: 541 1072, 
6: 538 227, 540 1287, 
2: 542 1397, 
1: 531 1099, 535 1409, 
2: 542 1397, 
3: 541 1072, 
4: 532 1, 485 490, 478 726, 498 1483, 
5: 539 906, 
1: 531 1099, 535 1409, 
3: 541 1072, 
4: 532 1, 485 490, 478 726, 498 1483, 
5: 539 906, 
1072
1: 531 1099, 535 1409, 
3: 541 1072, 
4: 532 1, 485 490, 478 726, 498 1483, 
6280
541 1072
1: 531 1099, 535 1409, 
6280
6280
1: 531 1099, 535 1409, 
3: 541 1072, 
4: 532 1, 485 490, 478 726, 498 1483, 
1: 531 1099, 535 1409, 
3: 541 1072, 
4: 532 1, 485 490, 478 726, 498 1483, 
1: 531 1099, 535 1409, 
4: 532 1, 485 490, 478 726, 498 1483, 
0: 543 913, 
4: 532 1, 485 490, 478 726, 544 897, 498 1483, 
4: 532 1, 485 490, 478 726, 544 897, 545 1090, 498 1483, 
0: 543 913, 
1: 531 1099, 535 1409, 
6: 546 967, 
0: 543 913, 
1: 531 1099, 535 1409, 
0: 543 913, 547 927, 
0: 543 913, 547 927, 548 1243, 
1: 531 1099, 535 1409, 
1: 531 1099, 549 1174, 535 1409, 
535 1409
4: 550 1410, 
1: 531 1099, 551 1162, 549 1174, 535 1409, 
5: 552 835, 
550 1410
5: 553 74, 552 835, 
3: 554 364, 
1: 531 1099, 551 1162, 549 1174, 535 1409, 
3: 554 364, 
4: 550 1410, 
6618
554 364
1: 531 1099, 555 1103, 551 1162, 549 1174, 535 1409, 
4: 556 583, 550 1410, 
8304
364
535 1409
1: 531 1099, 555 1103, 551 1162, 549 1174, 535 1409, 
3: 554 364, 
3: 554 364, 
3: 554 364, 557 1175, 
3: 554 364, 
6: 558 639, 
3: 554 364, 
3: 554 364, 
3: 554 364, 559 1134, 
559 1134
3: 554 364, 
3: 554 364, 560 1139, 
4: 561 1427, 
2930
6: 562 1482, 
6: 563 521, 562 1482, 
3: 554 364, 564 861, 560 1139, 
6: 563 521, 
4312
3: 554 364, 564 861, 
5: 565 644, 
4: 566 575, 561 1427, 
644
4392
2: 567 1215, 
3: 554 364, 564 861, 568 1390, 
2: 567 1215, 
4: 566 575, 561 1427, 
5: 565 644, 
6: 563 521, 
5: 569 269, 565 644, 
1: 570 1038, 
0: 571 681, 
4: 572 236, 566 575, 561 1427, 
6606
6606
5925
5925
521
5: 569 269, 
1: 570 1038, 
2: 567 1215, 
4: 572 236, 566 575, 561 1427, 
5: 569 269, 
0: 573 411, 
411
1: 570 1038, 574 1290, 
6461
2: 575 1117, 567 1215, 
6: 576 1374, 
5: 577 249, 569 269, 
1: 578 93, 570 1038, 574 1290, 
2421
2: 575 1117, 567 1215, 579 1422, 
0: 573 411, 
1: 578 93, 570 1038, 574 1290, 
2: 575 1117, 567 1215, 579 1422, 
4: 572 236, 566 575, 561 1427, 
6: 576 1374, 
10198
1374
4: 580 133, 572 236, 566 575, 561 1427, 
2: 567 1215, 579 1422, 
7840
2: 581 538, 567 1215, 579 1422, 
1: 578 93, 570 1038, 574 1290, 
2: 581 538, 567 1215, 579 1422, 
4: 580 133, 572 236, 566 575, 561 1427, 
580 133
6: 582 1167, 
561 1427
582 1167
2371
2: 567 1215, 579 1422, 
574 1290
579 1422
567 1215
4: 580 133, 572 236, 566 575, 583 1281, 561 1427, 
574 1290
1: 578 93, 584 435, 570 1038, 574 1290, 
1: 578 93, 584 435, 570 1038, 574 1290, 
2: 567 1215, 579 1422, 
6: 582 1167, 
1167
1: 578 93, 584 435, 570 1038, 574 1290, 
2: 567 1215, 579 1422, 
5493
5493
1: 578 93, 584 435, 570 1038, 574 1290, 
2: 567 1215, 579 1422, 
5493
4: 585 21, 
1: 578 93, 584 435, 570 1038, 574 1290, 
2: 567 1215, 579 1422, 
1: 578 93, 586 211, 584 435, 570 1038, 574 1290, 
2: 567 1215, 579 1422, 
0
1: 587 1458, 
0
5: 588 862, 
0: 589 637, 
0: 589 637, 
5: 588 862, 590 1426, 
5: 588 862, 591 1372, 590 1426, 
5: 588 862, 591 1372, 590 1426, 592 1497, 
4: 593 1061, 
2: 594 246, 
4: 595 634, 593 1061, 
594 246
246
4: 595 634, 
4: 596 5, 595 634, 
4: 596 5, 595 634, 597 960, 
1599
0: 598 79, 589 637, 
4: 596 5, 597 960, 
5: 599 694, 588 862, 591 1372, 590 1426, 592 1497, 
6: 600 1350, 
6: 601 1154, 600 1350, 
3: 602 587, 
1: 603 764, 
3: 602 587, 604 947, 
5: 605 352, 599 694, 588 862, 591 1372, 590 1426, 592 1497, 
4: 596 5, 597 960, 606 1112, 
606 1112
0: 589 637, 
637
1: 603 764, 607 972, 
2: 594 246, 608 669, 
4: 596 5, 597 960, 606 1112, 609 1394, 
589 637
3: 610 472, 602 587, 604 947, 
17472
592 1497
17472
2: 594 246, 608 669, 611 998, 
0: 589 637, 
1: 603 764, 607 972, 
2: 594 246, 608 669, 611 998, 
4: 596 5, 597 960, 606 1112, 609 1394, 
5: 605 352, 599 694, 588 862, 591 1372, 590 1426, 592 1497, 
6: 601 1154, 600 1350, 
3: 612 709, 
17173
0: 589 637, 
1: 603 764, 607 972, 
2: 594 246, 608 669, 611 998, 
3: 612 709, 
4: 596 5, 597 960, 606 1112, 609 1394, 
5: 605 352, 599 694, 588 862, 591 1372, 590 1426, 592 1497, 
612 709
0: 589 637, 
1: 603 764, 607 972, 
2: 594 246, 608 669, 611 998, 
4: 596 5, 597 960, 606 1112, 609 1394, 
5: 605 352, 599 694, 588 862, 591 1372, 590 1426, 592 1497, 
1: 603 764, 607 972, 
13960
0: 613 460, 589 637, 
6: 614 940, 
1: 603 764, 607 972, 
2: 594 246, 608 669, 611 998, 
4: 596 5, 597 960, 606 1112, 609 1394, 
5: 605 352, 599 694, 588 862, 591 1372, 590 1426, 592 1497, 
6: 614 940, 
14263
1: 615 175, 603 764, 607 972, 
6: 616 82, 614 940, 
1: 615 175, 603 764, 607 972, 
2: 594 246, 608 669, 611 998, 
4: 596 5, 597 960, 606 1112, 609 1394, 
5: 605 352, 599 694, 588 862, 591 1372, 590 1426, 592 1497, 
2: 594 246, 617 302, 608 669, 611 998, 
2: 594 246, 617 302, 608 669, 611 998, 
4: 596 5, 597 960, 606 1112, 609 1394, 
5: 605 352, 599 694, 588 862, 591 1372, 590 1426, 592 1497, 
2: 594 246, 608 669, 611 998, 
11587
605 352
5: 605 352, 599 694, 618 696, 588 862, 591 1372, 590 1426, 592 1497, 
5: 605 352, 599 694, 588 862, 591 1372, 590 1426, 592 1497, 
1: 619 1208, 
0: 620 749, 
3: 621 1002, 
14546
0: 622 270, 620 749, 
1: 619 1208, 
2: 594 246, 608 669, 611 998, 
3: 621 1002, 
4: 596 5, 597 960, 606 1112, 609 1394, 
5: 605 352, 599 694, 588 862, 591 1372, 590 1426, 592 1497, 
1: 619 1208, 
2: 594 246, 608 669, 611 998, 
4: 596 5, 597 960, 606 1112, 609 1394, 
5: 605 352, 599 694, 588 862, 591 1372, 590 1426, 592 1497, 
1: 619 1208, 
2: 594 246, 608 669, 611 998, 
4: 596 5, 597 960, 606 1112, 609 1394, 
5: 623 1403, 
1: 624 732, 619 1208, 
0: 625 1204, 
1: 624 732, 619 1208, 
2: 594 246, 608 669, 611 998, 
4: 596 5, 597 960, 606 1112, 609 1394, 
5: 623 1403, 
1: 624 732, 619 1208, 
2: 594 246, 608 669, 611 998, 
4: 596 5, 597 960, 606 1112, 609 1394, 
5: 623 1403, 
8727
1: 624 732, 619 1208, 
2: 594 246, 608 669, 611 998, 
4: 596 5, 597 960, 606 1112, 609 1394, 
5: 623 1403, 
1: 624 732, 619 1208, 
2: 594 246, 608 669, 611 998, 
4: 596 5, 597 960, 606 1112, 609 1394, 
1: 624 732, 619 1208, 
2: 594 246, 608 669, 611 998, 
0: 626 796, 
619 1208
2: 594 246, 608 669, 611 998, 
0: 627 988, 
627 988
627 988
2: 594 246, 608 669, 611 998, 
1913
1913
4: 628 48, 
48
3: 629 444, 
2: 630 217, 594 246, 608 669, 611 998, 
2622
629 444
630 217
2: 630 217, 594 246, 631 521, 608 669, 611 998, 
611 998
5: 632 146, 
0: 633 708, 
633 708
3: 629 444, 634 1463, 
632 146
633 708
6: 635 347, 
4: 628 48, 636 759, 
2: 637 45, 630 217, 594 246, 631 521, 608 669, 611 998, 
0: 633 708, 638 1130, 
6: 639 278, 635 347, 
3: 629 444, 640 471, 634 1463, 
0: 633 708, 638 1130, 641 1255, 
9745
1: 642 391, 
4: 628 48, 643 329, 636 759, 
4: 644 26, 628 48, 643 329, 636 759, 
10491
10491
2378
0: 633 708, 638 1130, 641 1255, 
1: 642 391, 
2: 637 45, 630 217, 594 246, 631 521, 608 669, 611 998, 
4: 644 26, 628 48, 643 329, 636 759, 
5: 632 146, 
6: 639 278, 635 347, 
637 45
1: 642 391, 645 664, 
642 391
635 347
645 664
8777
1055
0: 633 708, 638 1130, 641 1255, 
1: 642 391, 645 664, 
2: 637 45, 630 217, 594 246, 631 521, 608 669, 611 998, 
4: 644 26, 628 48, 643 329, 636 759, 
6: 639 278, 635 347, 
4: 644 26, 628 48, 643 329, 636 759, 646 1136, 
5: 647 840, 
10607
625
611 998
3: 648 651, 
647 840
1: 642 391, 645 664, 649 1183, 
0: 633 708, 650 1048, 638 1130, 641 1255, 
4: 644 26, 628 48, 651 295, 643 329, 636 759, 646 1136, 
648 651
2: 637 45, 630 217, 594 246, 631 521, 652 661, 608 669, 611 998, 
4141
633 708
6: 639 278, 635 347, 653 916, 
644 26
0: 633 708, 650 1048, 638 1130, 641 1255, 
1: 642 391, 645 664, 649 1183, 
2: 637 45, 630 217, 594 246, 631 521, 652 661, 608 669, 611 998, 
4: 644 26, 628 48, 651 295, 643 329, 636 759, 646 1136, 
5: 647 840, 
6: 639 278, 635 347, 653 916, 
0: 633 708, 650 1048, 638 1130, 
633 708
649 1183
1: 642 391, 645 664, 654 994, 649 1183, 
0: 655 6, 633 708, 650 1048, 638 1130, 
0: 655 6, 633 708, 650 1048, 638 1130, 656 1489, 
1: 642 391, 645 664, 649 1183, 
2238
6: 639 278, 635 347, 653 916, 657 1057, 
642 391
16007
1: 642 391, 649 1183, 
840
1574
0: 655 6, 633 708, 658 755, 650 1048, 638 1130, 656 1489, 
15258
4: 644 26, 628 48, 651 295, 643 329, 636 759, 659 879, 646 1136, 
0: 655 6, 633 708, 658 755, 650 1048, 656 1489, 
1: 642 391, 649 1183, 
2: 637 45, 630 217, 594 246, 631 521, 652 661, 608 669, 611 998, 
4: 644 26, 628 48, 651 295, 643 329, 636 759, 659 879, 646 1136, 
6: 639 278, 635 347, 653 916, 657 1057, 
11001
6: 639 278, 635 347, 653 916, 660 952, 657 1057, 
2: 637 45, 630 217, 594 246, 631 521, 652 661, 608 669, 611 998, 
4: 644 26, 628 48, 651 295, 643 329, 636 759, 659 879, 646 1136, 
6: 639 278, 635 347, 653 916, 660 952, 657 1057, 
5: 661 171, 
6: 662 179, 639 278, 635 347, 653 916, 660 952, 657 1057, 
2: 637 45, 630 217, 594 246, 631 521, 652 661, 608 669, 611 998, 
5: 661 171, 
6: 662 179, 639 278, 635 347, 653 916, 660 952, 657 1057, 
2: 637 45, 630 217, 594 246, 631 521, 652 661, 608 669, 611 998, 
6: 662 179, 639 278, 635 347, 653 916, 660 952, 657 1057, 
4: 663 786, 
6: 662 179, 639 278, 635 347, 653 916, 660 952, 657 1057, 664 1232, 
0: 665 1090, 
3357
663 786
3: 666 59, 
4: 667 277, 663 786, 
3: 666 59, 668 1266, 
0: 665 1090, 
2: 637 45, 630 217, 594 246, 631 521, 652 661, 608 669, 611 998, 
3: 666 59, 668 1266, 
4: 667 277, 663 786, 
1090
3: 666 59, 669 218, 668 1266, 
666 59
7053
5: 670 1242, 
4: 667 277, 671 626, 663 786, 
6: 672 563, 
4: 673 43, 667 277, 671 626, 663 786, 
4: 673 43, 667 277, 663 786, 
5: 674 583, 670 1242, 
6: 672 563, 675 1030, 
3: 666 59, 669 218, 676 613, 668 1266, 
0: 665 1090, 
2: 637 45, 630 217, 594 246, 631 521, 652 661, 608 669, 611 998, 
4: 673 43, 667 277, 663 786, 
5: 674 583, 670 1242, 
6: 672 563, 675 1030, 
1593
4: 673 43, 667 277, 677 584, 663 786, 
3: 678 763, 
10318
10318
675 1030
10318
673 43
6: 672 563, 675 1030, 679 1272, 
0: 665 1090, 
2: 637 45, 630 217, 594 246, 631 521, 652 661, 608 669, 611 998, 
3: 678 763, 
5: 674 583, 670 1242, 
6: 672 563, 675 1030, 679 1272, 
3: 680 421, 678 763, 
5: 674 583, 681 936, 670 1242, 
5: 674 583, 681 936, 682 1123, 670 1242, 
1: 683 634, 
5: 674 583, 684 618, 681 936, 682 1123, 670 1242, 
13632
1: 683 634, 685 900, 
678 763
6: 672 563, 675 1030, 
675 1030
672 563
1534
1: 683 634, 686 668, 685 900, 
3: 680 421, 678 763, 687 814, 
6: 675 1030, 
14179
5: 674 583, 684 618, 682 1123, 670 1242, 
5: 674 583, 684 618, 682 1123, 670 1242, 688 1379, 
0: 665 1090, 
2: 637 45, 630 217, 594 246, 631 521, 652 661, 608 669, 611 998, 
3: 680 421, 678 763, 687 814, 
5: 674 583, 684 618, 682 1123, 670 1242, 688 1379, 
6: 675 1030, 
6: 675 1030, 689 1478, 
0: 690 271, 665 1090, 
14169
1361
3: 680 421, 678 763, 687 814, 691 1442, 
3440
6: 675 1030, 
14133
1361
3: 680 421, 678 763, 687 814, 
0: 690 271, 692 664, 665 1090, 
1: 693 521, 
3357
5: 674 583, 684 618, 682 1123, 670 1242, 694 1359, 688 1379, 
3: 695 263, 680 421, 678 763, 687 814, 
521
15498
6: 696 133, 675 1030, 
688 1379
0: 690 271, 697 605, 692 664, 665 1090, 
695 263
2: 637 45, 630 217, 594 246, 631 521, 652 661, 608 669, 611 998, 698 1281, 
4638
17517
5: 674 583, 684 618, 699 756, 682 1123, 670 1242, 694 1359, 688 1379, 
690 271
637 45
698 1281
18273
4: 700 1367, 
690 271
4: 701 1211, 700 1367, 
1: 693 521, 702 760, 
0: 690 271, 697 605, 692 664, 665 1090, 703 1126, 
675 1030
4: 704 561, 701 1211, 700 1367, 
674 583
0: 690 271, 697 605, 692 664, 665 1090, 703 1126, 705 1277, 
6: 696 133, 675 1030, 706 1209, 
1: 693 521, 702 760, 
2: 637 45, 630 217, 594 246, 631 521, 652 661, 608 669, 611 998, 698 1281, 
3: 695 263, 680 421, 678 763, 687 814, 
4: 704 561, 701 1211, 700 1367, 
5: 674 583, 684 618, 699 756, 682 1123, 670 1242, 694 1359, 688 1379, 
6: 696 133, 675 1030, 706 1209, 
2: 637 45, 630 217, 594 246, 631 521, 652 661, 608 669, 611 998, 707 1259, 698 1281, 
22010
1281
3: 695 263, 708 372, 680 421, 678 763, 687 814, 
5: 709 425, 674 583, 684 618, 699 756, 682 1123, 670 1242, 694 1359, 688 1379, 
704 561
1: 710 437, 693 521, 702 760, 
2: 637 45, 630 217, 594 246, 631 521, 652 661, 608 669, 611 998, 707 1259, 698 1281, 
3: 695 263, 708 372, 680 421, 678 763, 687 814, 
4: 704 561, 701 1211, 700 1367, 
5: 709 425, 674 583, 684 618, 699 756, 682 1123, 670 1242, 694 1359, 688 1379, 
6: 696 133, 675 1030, 706 1209, 
2: 637 45, 630 217, 594 246, 631 521, 652 661, 608 669, 711 721, 611 998, 707 1259, 698 1281, 
0: 712 723, 
7485
1: 713 1176, 
723
0: 714 365, 712 723, 
1: 715 782, 713 1176, 
687 814
4: 716 55, 704 561, 701 1211, 700 1367, 
6: 696 133, 675 1030, 706 1209, 717 1285, 
0: 718 249, 714 365, 712 723, 
2: 637 45, 630 217, 594 246, 719 482, 631 521, 652 661, 608 669, 711 721, 611 998, 707 1259, 698 1281, 
713 1176
717 1285
0: 718 249, 714 365, 720 559, 712 723, 
696 133
687 814
2: 637 45, 630 217, 594 246, 719 482, 631 521, 721 656, 652 661, 608 669, 711 721, 611 998, 707 1259, 698 1281, 
1: 715 782, 713 1176, 
2: 637 45, 630 217, 594 246, 719 482, 631 521, 721 656, 652 661, 608 669, 711 721, 611 998, 707 1259, 698 1281, 
3: 695 263, 708 372, 680 421, 678 763, 687 814, 
4: 716 55, 704 561, 701 1211, 700 1367, 
5: 709 425, 674 583, 684 618, 699 756, 682 1123, 670 1242, 694 1359, 688 1379, 
6: 696 133, 675 1030, 706 1209, 717 1285, 
6: 696 133, 722 319, 675 1030, 706 1209, 717 1285, 
5: 709 425, 674 583, 684 618, 723 725, 699 756, 682 1123, 670 1242, 694 1359, 688 1379, 
717 1285
1: 715 782, 713 1176, 
2: 637 45, 630 217, 594 246, 719 482, 631 521, 721 656, 652 661, 608 669, 711 721, 611 998, 707 1259, 698 1281, 
3: 695 263, 708 372, 680 421, 678 763, 687 814, 
5: 709 425, 674 583, 684 618, 723 725, 699 756, 682 1123, 670 1242, 694 1359, 688 1379, 
6: 696 133, 722 319, 675 1030, 706 1209, 717 1285, 
5: 709 425, 674 583, 684 618, 699 756, 682 1123, 670 1242, 694 1359, 688 1379, 
1: 713 1176, 
713 1176
0: 724 1160, 
3: 695 263, 708 372, 680 421, 678 763, 687 814, 725 1468, 
24478
4: 726 784, 
1: 727 143, 
727 143
3: 695 263, 708 372, 680 421, 678 763, 728 799, 687 814, 725 1468, 
6: 696 133, 722 319, 675 1030, 729 1068, 706 1209, 717 1285, 
0: 724 1160, 
1: 727 143, 
2: 637 45, 630 217, 594 246, 719 482, 631 521, 721 656, 652 661, 608 669, 711 721, 611 998, 707 1259, 698 1281, 
3: 695 263, 708 372, 680 421, 678 763, 728 799, 687 814, 725 1468, 
4: 726 784, 
5: 709 425, 674 583, 684 618, 699 756, 682 1123, 670 1242, 694 1359, 688 1379, 
5: 709 425, 674 583, 684 618, 699 756, 730 1023, 682 1123, 670 1242, 694 1359, 688 1379, 
0: 724 1160, 
2: 637 45, 630 217, 594 246, 719 482, 631 521, 721 656, 652 661, 608 669, 711 721, 611 998, 707 1259, 698 1281, 
3: 695 263, 708 372, 680 421, 678 763, 728 799, 687 814, 725 1468, 
4: 726 784, 
5: 709 425, 674 583, 684 618, 699 756, 730 1023, 682 1123, 670 1242, 694 1359, 688 1379, 
5: 709 425, 674 583, 684 618, 699 756, 682 1123, 670 1242, 694 1359, 688 1379, 
637 45
5: 709 425, 674 583, 684 618, 699 756, 682 1123, 670 1242, 694 1359, 688 1379, 
5: 731 128, 709 425, 674 583, 684 618, 699 756, 682 1123, 670 1242, 694 1359, 688 1379, 
0: 724 1160, 
2: 637 45, 630 217, 594 246, 719 482, 631 521, 721 656, 652 661, 608 669, 711 721, 611 998, 707 1259, 698 1281, 
3: 695 263, 708 372, 680 421, 678 763, 728 799, 687 814, 725 1468, 
4: 726 784, 
0: 732 694, 724 1160, 
2: 733 21, 637 45, 630 217, 594 246, 719 482, 631 521, 721 656, 652 661, 608 669, 711 721, 611 998, 707 1259, 698 1281, 
0: 732 694, 724 1160, 
3: 695 263, 708 372, 680 421, 678 763, 728 799, 687 814, 725 1468, 
4: 726 784, 
0: 732 694, 724 1160, 
3: 695 263, 708 372, 680 421, 678 763, 728 799, 687 814, 725 1468, 
4: 726 784, 
7538
725 1468
5: 734 495, 
4: 726 784, 735 1210, 
0: 732 694, 724 1160, 
3: 695 263, 708 372, 680 421, 678 763, 728 799, 687 814, 725 1468, 
5: 734 495, 
5: 734 495, 736 1136, 
736 1136
8385
734 495
8385
5: 734 495, 
5: 734 495, 737 1447, 
1942
8696
5: 734 495, 738 1199, 737 1447, 
4: 739 313, 
5: 734 495, 740 677, 738 1199, 737 1447, 
3: 695 263, 708 372, 680 421, 678 763, 728 799, 687 814, 741 992, 725 1468, 
725 1468
5: 734 495, 740 677, 737 1447, 
737 1447
0: 732 694, 724 1160, 
4: 739 313, 
5: 734 495, 740 677, 737 1447, 
4786
2: 742 143, 
742 143
742 143
4929
5: 734 495, 743 518, 740 677, 737 1447, 
734 495
4: 739 313, 744 677, 
744 677
1: 745 1407, 
1407
0: 732 694, 724 1160, 
1: 745 1407, 
4: 739 313, 744 677, 
5: 734 495, 743 518, 740 677, 737 1447, 
7388
1: 746 1057, 745 1407, 
3: 747 920, 
1: 745 1407, 
1: 748 327, 745 1407, 
747 920
737 1447
5: 734 495, 740 677, 737 1447, 
6: 749 844, 
0: 732 694, 724 1160, 
1: 748 327, 745 1407, 
4: 739 313, 744 677, 
5: 734 495, 740 677, 737 1447, 
2: 750 560, 
4: 739 313, 751 627, 744 677, 
0: 732 694, 752 874, 724 1160, 
0: 732 694, 752 874, 724 1160, 
1: 748 327, 745 1407, 
4: 739 313, 751 627, 744 677, 
5: 734 495, 740 677, 737 1447, 
6: 753 1377, 
724 1160
5: 754 65, 734 495, 740 677, 737 1447, 
0: 732 694, 752 874, 724 1160, 
1: 748 327, 745 1407, 
4: 739 313, 751 627, 744 677, 
6: 753 1377, 
1: 748 327, 755 378, 745 1407, 
748 327
0: 732 694, 752 874, 724 1160, 
4: 739 313, 751 627, 744 677, 
6: 753 1377, 
5722
0: 732 694, 756 862, 752 874, 724 1160, 
0: 732 694, 756 862, 752 874, 757 1015, 724 1160, 
5: 758 821, 
758 821
0: 732 694, 752 874, 757 1015, 724 1160, 
6: 759 105, 753 1377, 
759 105
758 821
724 1160
4: 739 313, 751 627, 744 677, 760 1334, 
739 313
8997
759 105
2: 761 513, 
9510
9510
5: 762 49, 758 821, 
0: 732 694, 752 874, 757 1015, 724 1160, 
2: 761 513, 
5: 762 49, 758 821, 
6: 759 105, 753 1377, 
6: 753 1377, 
758 821
5: 762 49, 763 331, 758 821, 
0: 732 694, 752 874, 757 1015, 724 1160, 
6: 753 1377, 
0: 732 694, 752 874, 757 1015, 724 1160, 
6: 753 1377, 
2: 764 1279, 
2: 765 455, 764 1279, 
5: 766 1487, 
4: 767 790, 
2: 768 121, 765 455, 764 1279, 
2: 768 121, 765 455, 764 1279, 769 1493, 
0: 732 694, 752 874, 757 1015, 724 1160, 770 1470, 
2: 768 121, 765 455, 769 1493, 
5: 771 1359, 766 1487, 
770 1470
2: 768 121, 765 455, 772 899, 769 1493, 
2: 768 121, 765 455, 772 899, 769 1493, 
4: 767 790, 
5: 771 1359, 766 1487, 
6: 753 1377, 
2: 768 121, 765 455, 772 899, 769 1493, 
4: 767 790, 
6: 753 1377, 
2: 768 121, 765 455, 772 899, 769 1493, 
6: 753 1377, 
4345
753 1377
4: 773 87, 
1: 774 206, 
773 87
4638
0: 775 650, 
5: 776 272, 
775 650
775 650
0: 775 650, 
2: 768 121, 765 455, 772 899, 769 1493, 
4: 773 87, 
5: 776 272, 
6: 753 1377, 
776 272
5354
6: 777 1267, 753 1377, 
3: 778 628, 
272
753 1377
6: 753 1377, 
2968
2: 768 121, 765 455, 779 738, 772 899, 769 1493, 
2: 768 121, 765 455, 779 738, 772 899, 769 1493, 
3: 778 628, 
4: 773 87, 
5: 776 272, 
6: 753 1377, 
2: 768 121, 765 455, 772 899, 769 1493, 
3: 778 628, 780 825, 
6157
6: 781 874, 753 1377, 
3: 778 628, 
87
781 874
4: 773 87, 782 1122, 
6: 753 1377, 
5: 776 272, 783 325, 
3: 778 628, 784 741, 
1: 785 1158, 
8678
3: 786 514, 778 628, 784 741, 
5: 776 272, 783 325, 787 1346, 
10538
785 1158
785 1158
4: 788 10, 773 87, 782 1122, 
1158
4: 773 87, 782 1122, 
1: 789 606, 785 1158, 
1: 789 606, 785 1158, 
2: 768 121, 765 455, 772 899, 769 1493, 
3: 786 514, 778 628, 784 741, 
5: 776 272, 783 325, 787 1346, 
6: 753 1377, 
3: 786 514, 778 628, 
2: 768 121, 765 455, 772 899, 769 1493, 
3: 786 514, 778 628, 
5: 776 272, 783 325, 787 1346, 
6: 753 1377, 
2: 768 121, 765 455, 772 899, 769 1493, 
3: 786 514, 778 628, 
6: 753 1377, 
1142
2: 768 121, 765 455, 772 899, 769 1493, 
2: 768 121, 765 455, 772 899, 769 1493, 
3: 786 514, 778 628, 
6: 753 1377, 
5487
2: 768 121, 765 455, 772 899, 769 1493, 
3: 786 514, 778 628, 
6: 753 1377, 
2: 768 121, 765 455, 772 899, 769 1493, 
3: 786 514, 778 628, 
5: 790 1390, 
2: 768 121, 765 455, 772 899, 769 1493, 
3: 786 514, 778 628, 
3: 791 327, 786 514, 778 628, 
4: 792 235, 
4672
5: 793 1435, 
2: 768 121, 765 455, 772 899, 794 1157, 769 1493, 
791 327
3: 791 327, 795 462, 786 514, 778 628, 
7726
7726
2: 768 121, 765 455, 772 899, 794 1157, 769 1493, 
3: 791 327, 795 462, 786 514, 778 628, 
5: 793 1435, 
769 1493
3: 791 327, 795 462, 786 514, 778 628, 796 923, 
3: 791 327, 795 462, 786 514, 778 628, 796 923, 
3: 791 327, 795 462, 786 514, 778 628, 
3: 791 327, 795 462, 786 514, 778 628, 
3: 791 327, 795 462, 786 514, 778 628, 797 758, 
1: 798 423, 
3: 791 327, 795 462, 786 514, 778 628, 797 758, 
6: 799 870, 
799 870
1: 800 545, 
3: 791 327, 795 462, 801 478, 786 514, 778 628, 797 758, 
5: 802 1139, 
802 1139
3: 791 327, 795 462, 801 478, 786 514, 778 628, 797 758, 
6: 799 870, 
2: 803 1260, 
1: 804 1257, 
1: 804 1257, 
3: 791 327, 795 462, 801 478, 786 514, 778 628, 797 758, 
6: 799 870, 
3: 791 327, 795 462, 801 478, 786 514, 778 628, 797 758, 
6: 799 870, 
5: 805 1084, 
1: 806 486, 
5121
1: 807 1474, 
807 1474
5: 808 144, 805 1084, 
0: 809 645, 
1: 810 878, 807 1474, 
8262
0: 809 645, 811 1118, 
808 144
4: 812 462, 
9842
1: 810 878, 807 1474, 
3: 791 327, 795 462, 801 478, 786 514, 778 628, 797 758, 
4: 812 462, 
5: 808 144, 805 1084, 
6: 799 870, 
1: 810 878, 807 1474, 
3: 791 327, 795 462, 801 478, 786 514, 778 628, 797 758, 
5: 808 144, 805 1084, 
6: 799 870, 
6: 813 384, 799 870, 
0: 814 64, 
0: 814 64, 
1: 810 878, 807 1474, 
3: 791 327, 795 462, 801 478, 786 514, 778 628, 797 758, 
5: 808 144, 805 1084, 
1: 815 32, 810 878, 807 1474, 
6779
6779
3: 791 327, 795 462, 801 478, 786 514, 778 628, 797 758, 816 1158, 
816 1158
4: 817 118, 
2384
8055
3: 791 327, 795 462, 801 478, 786 514, 778 628, 797 758, 816 1158, 818 1442, 
1: 815 32, 810 878, 819 1286, 807 1474, 
10783
4: 817 118, 820 419, 
5767
3: 791 327, 795 462, 801 478, 786 514, 778 628, 821 714, 797 758, 816 1158, 818 1442, 
0: 822 1414, 
13330
0: 822 1414, 
1: 815 32, 810 878, 819 1286, 807 1474, 
4: 817 118, 820 419, 
5: 808 144, 805 1084, 
817 118
5: 823 3, 808 144, 805 1084, 
822 1414
537
0: 822 1414, 
1: 815 32, 810 878, 819 1286, 807 1474, 
4: 817 118, 820 419, 
0: 824 905, 822 1414, 
6526
822 1414
1: 815 32, 810 878, 819 1286, 807 1474, 
4: 817 118, 820 419, 
6: 825 571, 
4778
4207
4: 817 118, 820 419, 826 1251, 
826 1251
5: 827 1499, 
3: 828 248, 
248
6: 829 1169, 
2: 830 526, 
2: 831 414, 830 526, 
1: 815 32, 810 878, 819 1286, 807 1474, 
2: 831 414, 830 526, 
3: 828 248, 
4: 817 118, 820 419, 826 1251, 
6: 829 1169, 
7815
1: 815 32, 810 878, 819 1286, 807 1474, 
3: 828 248, 
4: 817 118, 820 419, 826 1251, 
6: 829 1169, 
829 1169
4: 817 118, 820 419, 832 879, 826 1251, 
7754
2667
1: 815 32, 810 878, 819 1286, 807 1474, 
3: 828 248, 
6: 829 1169, 
5: 833 190, 
1: 815 32, 810 878, 819 1286, 807 1474, 
3: 828 248, 
6: 829 1169, 
0: 834 708, 
6: 835 810, 829 1169, 
1979
2: 836 338, 
3: 828 248, 837 618, 
3: 828 248, 
6605
3: 828 248, 838 1339, 
3: 828 248, 839 1107, 838 1339, 
3: 828 248, 839 1107, 
2: 840 79, 
0: 834 708, 
1: 815 32, 810 878, 819 1286, 807 1474, 
3: 828 248, 839 1107, 
6: 835 810, 829 1169, 
2: 841 1483, 
841 1483
9195
2: 842 156, 841 1483, 
0: 843 98, 834 708, 
834 708
9449
Fim
