5 0
7 1
0 2
2 3
1 4
8 5
5 6
0 7
7 8
1 9
8 10
0 11
6 12
1 13
2 14
8 15
7 16
6 17
0 18
1 19
2 20
3 21
4 22
5 23
9 24
1 33
2 28
5 32
9 29
8 26
7 36
0 30
2 27
3 31
4 34
5 35
2 37
3 25
0 38
3 39
0 40
1 41
8 42
7 43
4 44
3 45
4 46
6 47
0 48
9 49
7 50
2 51
1 52
3 53
0 54
2 55
1 56
3 57
6 58
0 59
7 60
0 61
1 62
5 63
0 64
1 65
2 66
9 67
8 68
3 69
0 70
8 71
2 72
1 73
4 74
5 75
6 76
7 77
9 78
0 79
1 80
3 81
8 82
4 83
6 84
0 85
2 86
5 87
6 88
1 89
3 90
4 91
6 92
8 93
7 94
9 95
1 98
3 101
2 99
4 100
6 103
5 96
8 97
7 102
3 104
7 105
0 106
1 107
0 108
1 109
2 110
9 111
5 112
1 113
7 114
0 115
1 116
2 117
3 118
9 119
4 120
5 121
6 122
2 123
2 124
8 125
1 126
0 127
0 128
8 129
8 130
7 131
6 132
1 133
5 134
0 135
6 136
7 137
1 138
0 139
2 140
1 141
8 142
3 143
0 144
1 145
4 146
5 147
6 148
7 149
9 150
0 151
2 152
4 153
8 154
2 155
3 156
4 157
5 158
9 159
6 165
7 161
9 162
5 164
3 163
1 160
2 166
4 167
8 168
4 171
5 175
8 169
0 176
5 179
7 172
7 173
9 177
1 180
4 174
5 178
6 181
7 170
6 182
0 183
1 184
2 185
5 186
7 187
1 188
6 189
8 190
5 191
0 192
2 193
3 194
4 195
7 196
9 197
0 198
7 199
