0 0
1 1
2 2
3 3
4 4
6 5
5 6
7 7
9 8
6 9
1 10
2 11
8 12
2 14
3 13
5 15
9 16
6 23
4 17
2 24
3 18
8 20
5 21
7 19
9 25
0 26
9 28
7 33
0 27
1 29
2 30
3 22
4 32
5 31
6 34
2 35
7 36
3 37
4 38
0 39
1 40
3 41
6 42
7 43
0 44
1 45
2 46
4 47
2 48
3 49
7 50
1 51
0 52
4 53
5 54
6 55
8 56
9 57
3 58
9 59
4 60
2 61
0 62
9 63
7 64
4 65
0 66
9 67
2 68
1 69
0 70
3 71
4 72
5 73
3 74
7 75
8 76
1 77
2 78
4 79
5 80
6 81
5 82
9 83
6 84
6 85
0 86
0 87
6 88
2 89
1 90
3 91
9 92
2 93
4 94
5 95
6 96
7 97
2 98
4 99
4 100
1 101
0 102
2 103
3 104
5 105
9 106
6 107
0 108
8 109
1 110
2 111
9 112
1 113
7 114
4 115
5 116
4 117
0 118
1 119
0 120
1 121
2 122
6 123
5 124
0 125
9 126
1 127
3 128
4 129
8 130
7 131
0 132
1 133
2 134
9 135
7 136
5 137
3 138
4 139
6 140
6 141
0 142
3 143
1 144
8 145
4 146
7 147
2 148
5 149
6 150
9 151
3 154
4 152
0 155
1 153
7 156
8 157
3 159
7 161
8 160
0 163
1 162
7 158
6 164
2 165
8 166
4 167
5 168
9 169
8 170
1 173
6 174
9 171
3 172
0 175
2 176
4 177
5 178
7 179
8 180
2 186
9 203
8 201
0 189
2 191
6 204
8 181
0 212
5 209
0 214
6 195
0 190
3 187
4 194
1 213
7 217
2 200
5 211
4 218
5 219
7 216
0 224
9 207
1 215
2 225
5 208
6 198
1 226
2 210
3 202
4 205
5 221
7 206
6 220
8 184
6 236
3 188
2 227
8 235
1 237
0 231
4 228
3 230
6 234
5 233
7 229
8 222
1 240
7 238
2 183
0 232
6 239
5 197
3 192
4 185
9 193
0 241
6 245
0 256
1 249
6 251
4 253
5 248
7 243
8 244
0 250
1 246
6 257
5 259
2 260
3 242
4 255
8 258
3 266
4 261
9 263
0 267
1 254
3 264
5 247
0 274
3 277
8 279
0 289
1 276
3 280
5 273
6 284
9 269
0 281
1 290
2 278
5 271
6 270
7 272
8 286
7 296
9 291
2 294
3 297
4 295
5 275
8 292
0 293
2 283
1 287
3 282
4 265
7 288
8 252
9 223
5 299
1 298
3 262
7 285
3 199
0 268
1 196
4 182
9 300
2 301
0 302
5 303
6 304
0 305
3 306
1 307
5 308
2 309
6 310
9 311
4 312
0 313
3 314
5 315
8 316
9 317
0 318
9 319
1 320
7 321
0 322
2 323
6 324
3 325
0 326
2 327
9 328
4 329
8 330
5 331
6 332
7 333
2 334
9 337
6 338
7 335
4 336
8 339
8 343
4 341
9 342
4 340
6 344
7 345
5 347
0 346
2 348
7 349
9 350
1 355
3 359
6 356
4 354
5 358
9 353
1 362
7 363
8 368
9 364
6 366
0 361
4 367
1 369
2 365
3 370
5 360
7 351
9 357
8 352
2 375
3 376
3 371
0 374
1 372
4 373
2 377
5 378
1 379
6 380
8 381
9 382
1 387
4 384
5 383
8 386
2 389
5 392
6 388
9 395
0 397
1 401
3 393
8 400
4 396
5 394
9 390
3 402
0 404
1 403
2 391
4 398
9 385
5 399
7 405
2 406
1 408
7 407
3 409
4 410
1 411
3 412
2 413
4 414
8 415
6 416
5 417
7 418
9 419
3 420
7 421
7 422
4 423
6 424
2 425
0 426
9 427
0 428
4 429
1 430
0 431
1 432
2 433
5 434
3 435
4 436
6 437
3 438
7 439
8 440
7 441
6 442
2 443
0 444
3 445
4 446
1 447
5 448
8 449
2 450
0 451
1 452
4 453
9 454
6 455
0 456
3 457
5 458
7 459
8 460
6 462
3 461
0 463
7 464
9 465
1 466
4 467
2 468
4 469
0 470
9 471
7 472
2 473
1 474
3 475
4 476
7 477
7 478
0 479
4 480
3 481
1 482
2 483
3 484
7 485
4 486
6 487
1 488
0 489
5 490
2 491
7 492
0 493
1 494
5 495
0 496
2 497
3 498
1 499
