2 0
0 1
3 2
0 3
0 4
1 5
9 6
4 7
0 8
3 9
1 10
2 11
9 12
4 13
5 14
6 15
7 16
8 17
9 21
5 19
2 22
3 20
6 18
0 23
2 24
5 25
6 26
6 27
0 28
2 29
3 30
1 31
9 32
0 33
4 34
0 35
2 36
1 37
3 38
0 39
1 40
2 41
7 42
3 43
4 44
6 45
5 46
8 47
9 48
0 53
2 51
3 52
7 49
9 50
4 56
9 57
7 63
0 62
5 59
9 64
4 54
6 58
1 60
4 61
7 55
8 65
1 66
9 67
4 68
6 69
2 70
0 71
0 72
1 73
3 74
6 75
4 76
5 77
7 78
8 79
3 80
8 81
9 82
2 84
0 83
1 85
3 86
4 87
3 88
0 89
1 90
5 91
8 92
2 93
6 94
9 95
5 97
1 98
0 100
2 96
3 99
5 101
8 102
0 103
2 104
0 105
1 106
0 107
6 108
1 109
2 110
3 111
7 112
9 113
4 114
1 115
1 116
2 117
1 118
3 119
0 120
4 121
5 122
6 123
7 124
0 125
9 126
1 127
6 128
2 129
2 130
0 131
0 132
5 133
0 134
0 135
1 136
7 137
4 138
0 139
1 140
0 141
2 142
3 143
4 144
0 145
1 146
4 147
1 148
0 149
3 150
0 151
1 152
2 153
4 154
2 155
0 156
4 157
7 158
6 159
9 160
3 161
5 162
8 163
3 165
1 168
2 171
5 169
8 166
9 167
2 170
3 164
6 172
0 173
9 174
0 175
5 176
1 177
2 178
4 179
9 180
3 181
6 182
7 183
8 184
3 185
1 186
4 187
0 188
2 189
4 190
0 191
1 192
7 193
6 194
3 195
5 196
8 197
6 198
1 199
9 200
2 202
1 203
4 201
4 204
6 205
0 206
2 207
0 208
1 209
5 210
3 211
8 212
7 213
9 214
4 215
6 216
4 217
0 218
5 219
0 220
1 221
3 222
2 223
2 224
5 225
0 226
2 227
3 228
8 229
4 230
6 231
7 232
9 233
1 239
0 236
3 237
4 238
5 234
7 235
3 240
1 241
1 242
0 243
4 244
6 245
1 246
0 247
2 248
5 249
3 250
7 251
9 252
8 253
6 257
0 259
1 254
6 256
2 258
3 255
7 260
4 261
8 262
3 263
5 264
2 265
4 266
6 267
0 268
0 269
4 270
5 271
1 272
2 273
8 274
3 275
6 276
7 277
2 278
9 279
2 281
1 283
0 282
6 280
7 284
8 285
0 286
1 287
2 288
3 289
3 290
0 291
0 292
1 293
5 294
6 295
1 296
2 297
0 298
3 299
2 300
4 301
1 302
6 303
7 304
4 305
6 306
1 307
0 308
7 309
0 310
2 311
4 312
3 313
5 314
6 315
8 316
0 317
1 318
9 319
7 320
0 321
5 322
2 323
4 324
2 325
6 326
0 327
2 328
1 329
3 330
1 331
2 332
2 333
4 334
0 335
6 336
2 337
4 338
0 339
1 340
2 341
3 342
5 343
8 344
0 345
3 346
6 347
0 348
6 349
5 350
1 351
2 352
5 353
2 354
3 355
8 356
7 357
3 358
6 359
3 360
0 361
0 362
5 363
0 364
1 365
2 366
9 367
1 368
0 369
3 370
2 371
0 372
1 373
4 374
7 375
9 376
2 377
1 378
3 379
0 380
1 381
0 382
1 383
2 384
4 385
5 386
3 387
8 388
2 389
5 390
0 391
5 392
3 393
4 394
9 395
6 396
7 397
3 401
7 398
1 406
2 400
4 404
7 402
8 405
0 408
1 399
9 407
2 403
3 409
6 410
1 411
0 412
9 413
1 414
2 415
1 416
1 417
9 418
2 419
3 420
7 421
4 422
5 423
6 424
8 425
3 428
4 430
0 427
6 429
5 426
2 431
3 432
0 433
6 434
3 435
2 436
6 437
0 438
1 439
7 440
3 441
4 442
5 443
8 444
9 445
6 446
0 447
2 448
3 449
3 450
0 451
1 452
5 453
3 454
5 455
0 456
1 457
9 458
7 459
2 460
0 461
2 462
0 463
1 464
0 465
4 466
0 467
6 468
2 469
3 470
1 471
5 472
7 473
8 474
9 475
2 476
0 477
3 478
4 479
3 480
0 481
0 482
3 483
2 484
4 485
0 486
1 487
3 488
5 489
2 490
9 491
1 492
6 493
7 494
8 495
0 497
5 498
6 499
8 496
4 500
2 501
6 502
0 503
1 504
3 505
4 506
1 507
2 508
3 509
9 510
5 511
7 512
0 513
1 514
2 515
6 516
3 517
0 518
1 519
4 520
6 521
1 522
2 523
3 524
1 525
3 526
7 527
4 528
2 529
0 530
4 531
6 532
5 533
2 534
0 535
6 536
0 537
1 538
4 539
2 540
3 541
5 542
7 543
6 544
3 545
2 546
0 547
1 548
4 549
1 550
6 551
5 552
8 553
7 554
9 555
0 556
0 557
0 558
4 559
1 560
0 561
1 562
5 563
3 564
0 565
9 566
0 567
5 568
0 569
3 570
0 571
1 572
2 573
6 574
4 575
0 576
0 577
6 578
3 579
0 580
0 581
1 582
4 583
2 584
3 585
5 586
6 587
7 588
8 589
1 590
8 591
4 592
7 593
3 594
0 595
4 596
9 597
3 598
1 599
4 600
3 601
1 602
6 603
2 604
0 605
5 606
7 607
8 608
9 609
5 610
0 611
3 612
0 613
9 614
2 615
8 616
1 617
6 618
7 619
4 620
3 621
0 622
1 623
2 624
0 625
1 626
5 627
8 628
4 629
0 630
7 631
2 632
5 633
3 634
6 635
0 636
4 637
3 638
1 639
1 640
7 641
2 642
4 643
5 644
6 645
2 646
3 647
9 648
1 649
2 650
4 651
1 652
5 653
6 654
7 655
8 656
6 657
7 658
4 659
3 660
1 661
4 662
2 663
3 664
5 665
6 666
9 667
7 668
8 669
0 670
1 671
3 672
3 673
6 674
0 675
4 676
1 677
6 678
2 679
3 680
2 681
5 682
1 683
6 684
0 685
6 686
3 687
4 688
7 689
8 690
9 691
9 694
6 695
1 692
2 696
3 697
7 693
8 698
6 699
8 700
2 701
0 702
1 703
5 704
4 705
9 706
3 707
2 708
4 709
5 710
6 711
0 712
2 713
3 714
0 715
1 716
2 717
6 718
3 719
7 720
9 721
2 722
0 723
9 724
1 725
3 726
4 727
0 728
9 729
2 730
1 731
3 732
4 733
5 734
6 735
8 736
7 737
2 740
0 739
4 738
4 741
5 742
9 743
0 744
5 745
9 746
5 747
0 748
4 749
3 750
1 751
9 752
7 753
2 754
9 755
5 756
1 757
2 758
4 759
6 760
7 761
8 762
2 764
0 763
5 765
5 766
0 767
5 768
0 769
1 770
2 771
2 772
3 773
0 774
9 775
1 776
4 777
5 778
6 779
7 780
8 781
9 782
2 783
6 784
0 785
1 786
2 787
0 788
5 789
1 790
3 791
2 792
4 793
5 794
6 795
7 796
0 797
5 798
2 799
