5 0
2 1
0 2
7 3
1 4
3 5
4 6
6 7
4 8
2 9
5 10
0 11
6 12
2 13
7 14
1 15
3 16
8 17
4 18
9 19
0 28
5 27
4 21
1 22
2 20
3 24
6 25
7 26
8 23
0 29
2 30
3 31
4 32
0 33
5 34
8 35
9 36
6 37
7 38
6 41
9 39
8 44
0 45
3 46
6 47
9 42
4 49
0 48
8 43
6 40
5 50
3 51
0 52
6 53
7 54
1 55
2 56
8 57
8 58
1 59
0 60
2 61
3 62
4 63
1 64
3 65
6 66
8 67
7 68
0 69
7 70
2 71
3 72
4 73
5 74
6 75
9 76
0 77
2 78
3 79
0 80
2 81
5 82
1 83
2 84
7 85
0 86
3 87
4 88
0 89
7 90
5 91
3 92
4 93
1 94
6 95
4 96
7 97
9 98
1 99
0 100
2 101
6 102
8 103
0 104
3 105
1 106
0 107
7 108
0 109
3 110
1 111
0 112
2 113
4 114
4 115
5 116
3 117
0 118
8 119
7 120
1 121
0 122
2 123
0 124
7 125
5 126
3 127
0 128
7 129
1 130
5 131
4 132
2 133
6 134
8 135
9 136
1 137
8 151
0 145
5 146
6 138
9 149
2 154
4 139
7 152
0 155
1 153
3 141
5 142
6 143
8 148
9 140
4 150
5 156
1 160
2 144
3 157
2 165
3 163
0 167
1 169
9 161
5 162
6 166
7 164
8 168
0 170
3 171
1 159
2 147
4 158
5 172
4 173
2 174
3 175
0 176
5 177
7 178
2 179
6 180
8 181
9 182
3 183
7 184
0 185
7 186
2 187
5 188
0 189
3 190
1 191
6 192
7 193
1 194
0 195
1 196
2 197
3 198
6 199
4 200
9 201
7 202
5 203
8 204
7 205
3 206
4 208
7 209
7 207
2 220
5 216
1 223
3 218
7 219
1 227
0 217
3 224
4 214
5 212
8 221
6 211
7 225
9 215
1 229
0 230
3 236
5 237
6 233
9 235
4 228
0 232
2 238
7 226
8 234
9 222
3 240
4 231
5 239
7 210
5 242
1 241
0 213
2 243
3 244
2 245
3 246
0 247
0 248
8 249
7 250
1 251
2 252
4 253
5 254
6 255
9 256
9 257
3 258
0 259
1 260
2 261
8 262
4 263
0 264
7 265
0 266
1 267
4 268
4 269
2 270
5 271
0 272
4 273
1 274
7 275
3 276
0 277
5 278
4 279
0 280
1 281
4 282
5 283
2 284
3 285
6 286
7 287
9 288
8 289
1 290
4 291
5 292
2 293
2 294
0 295
6 296
5 297
0 298
4 299
9 300
5 301
1 302
0 303
2 304
3 305
2 306
0 307
5 308
1 309
4 310
3 311
6 312
3 313
4 314
1 315
9 316
0 317
6 318
7 319
2 320
5 321
8 322
0 323
2 324
0 325
1 326
2 327
1 328
3 329
0 330
3 331
4 332
5 333
1 334
2 335
0 336
3 337
7 338
4 339
2 340
0 341
3 342
0 343
5 344
4 345
0 346
3 347
8 348
5 349
1 350
6 351
9 352
2 353
4 354
0 355
7 356
1 357
3 358
8 359
0 360
2 361
0 362
1 363
4 364
2 365
3 366
5 367
6 368
8 369
7 370
9 371
0 375
1 378
2 373
3 374
4 372
5 376
9 377
4 379
0 381
3 382
4 383
5 380
7 384
0 390
9 391
5 388
9 389
0 386
2 385
6 387
7 392
0 393
1 394
2 395
3 396
7 397
4 398
1 399
3 400
6 401
8 402
5 403
9 404
6 408
1 405
2 406
3 407
4 409
5 410
1 411
0 412
2 413
3 414
5 415
0 416
2 417
3 418
0 419
4 420
3 421
5 422
6 423
7 424
8 425
9 426
3 427
0 428
0 429
7 430
4 431
0 432
2 433
5 434
3 435
1 436
4 437
5 438
8 439
9 440
6 441
0 442
4 443
9 444
3 445
3 446
5 447
2 448
7 449
1 450
0 451
5 452
7 453
8 454
5 455
1 456
1 457
1 458
0 459
0 460
4 461
1 462
2 463
9 464
0 465
0 466
0 467
1 468
3 469
0 470
1 471
2 472
7 473
0 474
1 475
2 476
4 477
9 478
6 479
3 480
5 481
7 482
8 483
7 484
4 485
0 486
1 487
2 488
7 489
3 490
7 491
0 492
1 493
2 494
6 495
3 496
4 497
9 498
4 499
5 500
8 501
8 502
9 503
4 504
1 505
0 506
7 507
6 508
1 509
2 510
4 511
1 512
4 513
5 514
9 515
3 516
6 517
8 518
3 520
5 519
3 521
6 522
7 523
8 524
2 525
1 526
7 527
9 528
0 529
4 530
6 531
1 532
7 533
0 534
1 535
7 536
2 537
4 538
1 539
3 540
3 541
5 542
9 543
6 544
8 545
5 546
7 547
0 549
1 548
2 550
4 551
3 552
1 553
7 554
2 555
0 556
4 557
5 558
8 559
2 560
0 561
7 562
2 563
5 564
0 565
5 566
4 567
7 568
1 569
6 570
1 571
2 572
7 573
3 574
4 575
1 576
0 577
7 578
5 579
2 580
4 581
6 582
3 583
8 584
9 585
4 586
3 587
0 588
1 589
2 590
6 591
2 592
4 593
0 594
2 595
3 596
5 597
5 598
7 599
0 600
5 601
1 602
4 603
3 604
5 605
0 606
6 607
2 608
0 609
1 610
1 611
5 612
0 613
1 614
2 615
0 616
3 617
6 618
4 619
1 620
0 621
2 622
0 623
6 624
2 625
7 626
3 627
8 628
1 629
2 630
5 631
4 632
9 633
0 634
1 635
3 636
3 637
8 638
4 639
0 640
5 641
3 642
1 643
7 644
8 645
9 646
0 647
7 648
0 649
1 650
2 651
3 652
5 653
4 654
9 655
5 656
6 657
5 658
1 659
0 660
6 661
1 662
4 663
0 664
2 665
1 666
9 667
3 668
5 669
6 670
2 671
4 672
7 673
8 674
3 675
6 676
7 677
0 678
1 679
0 680
4 681
1 682
7 683
3 684
0 685
6 686
4 687
2 688
7 689
9 690
1 691
5 692
3 693
1 694
4 695
0 696
3 697
5 698
8 699
6 700
7 701
9 702
0 703
2 704
0 705
0 706
2 707
3 708
1 709
4 710
5 711
6 712
1 713
4 714
7 715
0 716
4 717
1 718
5 719
0 720
6 721
2 722
3 723
7 724
8 725
9 726
6 727
1 728
2 729
4 730
4 731
9 732
1 733
2 734
1 735
0 736
6 737
2 738
7 739
3 740
2 741
3 742
4 743
5 744
8 745
6 746
0 747
9 748
8 752
8 749
5 751
3 750
2 754
0 753
1 755
3 756
4 757
0 758
1 759
6 760
2 761
3 762
4 763
8 764
5 765
7 766
9 767
4 773
7 770
0 776
1 777
5 783
7 768
9 771
3 784
1 782
0 786
5 778
1 780
0 772
3 774
4 781
5 779
6 785
7 769
8 775
1 788
3 791
5 807
1 798
2 795
6 794
7 804
0 805
1 809
2 814
3 816
5 810
8 789
5 796
7 811
0 819
2 793
3 820
4 801
8 806
2 812
1 790
5 792
0 813
6 815
3 817
4 803
7 797
8 799
9 818
1 822
0 821
1 826
2 824
3 823
8 825
5 802
4 787
7 800
9 808
7 827
1 828
5 829
6 830
8 831
4 832
5 833
5 834
6 835
2 836
0 837
1 838
2 839
3 840
4 841
7 842
8 843
9 844
2 845
0 846
1 847
3 848
3 849
4 850
3 851
5 852
7 853
6 854
8 855
9 856
2 865
8 859
1 864
7 867
5 872
9 857
6 873
3 858
5 860
9 861
0 880
7 877
9 878
3 868
0 863
8 876
2 871
1 869
4 875
5 879
6 866
7 874
9 862
0 881
1 885
4 886
3 884
6 883
7 882
2 870
0 887
6 888
2 889
5 890
2 891
0 892
1 893
2 894
3 895
7 896
0 897
3 898
6 899
5 900
2 901
5 902
1 903
4 904
1 905
0 906
3 907
1 908
8 909
7 910
4 911
5 912
9 913
7 914
4 915
0 916
3 917
4 918
1 919
9 920
2 921
5 922
7 923
6 924
8 925
0 926
7 927
2 928
0 929
2 930
0 931
1 932
1 933
2 934
3 935
6 936
4 937
0 938
2 939
5 940
1 941
7 942
3 943
4 944
2 945
5 946
0 947
1 948
9 949
3 950
9 951
0 952
2 953
1 954
4 955
3 956
6 957
5 958
9 959
7 960
8 961
5 968
1 963
4 967
6 969
7 965
4 971
5 974
6 985
9 964
0 970
4 973
1 983
2 984
5 986
3 978
6 982
7 980
8 981
9 975
2 989
0 988
1 972
4 976
5 966
6 977
7 979
8 987
9 962
2 990
3 992
5 991
6 993
7 994
5 995
2 996
0 997
1 998
7 999
